18:52:05 **** Rebuild of configuration Debug for project 7_Productos_Alta_Baja ****
Info: Internal Builder is used for build
gcc -O0 -g3 -Wall -c -fmessage-length=0 -o "src\\utnValidacion.o" "..\\src\\utnValidacion.c" 
gcc -O0 -g3 -Wall -c -fmessage-length=0 -o "src\\7_Productos_Alta_Baja.o" "..\\src\\7_Productos_Alta_Baja.c" 
..\src\7_Productos_Alta_Baja.c: In function 'main':
..\src\7_Productos_Alta_Baja.c:33:2: warning: implicit declaration of function 'getPedirInt' [-Wimplicit-function-declaration]
   33 |  getPedirInt(&opcionElegida, "\n1. Alta producto \n2. Baja producto", "\n***Error, no es una opción válida***", 1, 2, 4);
      |  ^~~~~~~~~~~
..\src\7_Productos_Alta_Baja.c:28:7: warning: unused variable 'descripcion' [-Wunused-variable]
   28 |  char descripcion[TAMPRODUCTOS][15];
      |       ^~~~~~~~~~~
..\src\7_Productos_Alta_Baja.c:27:7: warning: unused variable 'fechaIngreso' [-Wunused-variable]
   27 |  char fechaIngreso[TAMPRODUCTOS][25];
      |       ^~~~~~~~~~~~
..\src\7_Productos_Alta_Baja.c:26:7: warning: unused variable 'codigo' [-Wunused-variable]
   26 |  char codigo[TAMPRODUCTOS][5];
      |       ^~~~~~
gcc -O0 -g3 -Wall -c -fmessage-length=0 -o "src\\utnGUI.o" "..\\src\\utnGUI.c" 
gcc -O0 -g3 -Wall -c -fmessage-length=0 -o "src\\utnArray.o" "..\\src\\utnArray.c" 
gcc -O0 -g3 -Wall -c -fmessage-length=0 -o "src\\utnCadenas.o" "..\\src\\utnCadenas.c" 
gcc -O0 -g3 -Wall -c -fmessage-length=0 -o "src\\utnMenu.o" "..\\src\\utnMenu.c" 
gcc -o 7_Productos_Alta_Baja.exe "src\\7_Productos_Alta_Baja.o" "src\\utnArray.o" "src\\utnCadenas.o" "src\\utnGUI.o" "src\\utnMenu.o" "src\\utnValidacion.o" 
18:52:11 **** Incremental Build of configuration Debug for project 7_Productos_Alta_Baja ****
Info: Internal Builder is used for build
gcc -O0 -g3 -Wall -c -fmessage-length=0 -o "src\\utnMenu.o" "..\\src\\utnMenu.c" 
..\src\utnMenu.c: In function 'altaProducto':
..\src\utnMenu.c:25:8: warning: implicit declaration of function 'getPedirAlfanumerico' [-Wimplicit-function-declaration]
   25 |    if (getPedirAlfanumerico("\nIngrese el código alfanumerico: ",
      |        ^~~~~~~~~~~~~~~~~~~~
..\src\utnMenu.c:31:12: warning: implicit declaration of function 'deseaContinuar' [-Wimplicit-function-declaration]
   31 |   } while (deseaContinuar(
      |            ^~~~~~~~~~~~~~
..\src\utnMenu.c:18:7: warning: unused variable 'auxDescripcion' [-Wunused-variable]
   18 |  char auxDescripcion[15];
      |       ^~~~~~~~~~~~~~
..\src\utnMenu.c:17:7: warning: unused variable 'auxFechaIngreso' [-Wunused-variable]
   17 |  char auxFechaIngreso[25];
      |       ^~~~~~~~~~~~~~~
..\src\utnMenu.c:16:7: warning: unused variable 'auxCodigo' [-Wunused-variable]
   16 |  char auxCodigo[5];
      |       ^~~~~~~~~
..\src\utnMenu.c: In function 'buscarStringEnArray':
..\src\utnMenu.c:46:25: warning: passing argument 1 of 'strcmp' makes pointer from integer without a cast [-Wint-conversion]
   46 |   if (strcmp(arrayString[i], valorBuscado)){
      |              ~~~~~~~~~~~^~~
      |                         |
      |                         char
In file included from ..\src\utnMenu.c:11:
c:\mingw\include\string.h:77:46: note: expected 'const char *' but argument is of type 'char'
   77 | _CRTIMP __cdecl __MINGW_NOTHROW  int strcmp (const char *, const char *) __MINGW_ATTRIB_PURE;
      |                                              ^~~~~~~~~~~~
..\src\utnMenu.c: In function 'altaProducto':
..\src\utnMenu.c:37:1: warning: control reaches end of non-void function [-Wreturn-type]
   37 | }
      | ^
gcc -o 7_Productos_Alta_Baja.exe "src\\7_Productos_Alta_Baja.o" "src\\utnArray.o" "src\\utnCadenas.o" "src\\utnGUI.o" "src\\utnMenu.o" "src\\utnValidacion.o" 
18:52:26 **** Incremental Build of configuration Debug for project 7_Productos_Alta_Baja ****
Info: Internal Builder is used for build
gcc -O0 -g3 -Wall -c -fmessage-length=0 -o "src\\utnMenu.o" "..\\src\\utnMenu.c" 
..\src\utnMenu.c: In function 'altaProducto':
..\src\utnMenu.c:25:8: warning: implicit declaration of function 'getPedirAlfanumerico' [-Wimplicit-function-declaration]
   25 |    if (getPedirAlfanumerico("\nIngrese el código alfanumerico: ",
      |        ^~~~~~~~~~~~~~~~~~~~
..\src\utnMenu.c:31:12: warning: implicit declaration of function 'deseaContinuar' [-Wimplicit-function-declaration]
   31 |   } while (deseaContinuar(
      |            ^~~~~~~~~~~~~~
..\src\utnMenu.c:18:7: warning: unused variable 'auxDescripcion' [-Wunused-variable]
   18 |  char auxDescripcion[15];
      |       ^~~~~~~~~~~~~~
..\src\utnMenu.c:17:7: warning: unused variable 'auxFechaIngreso' [-Wunused-variable]
   17 |  char auxFechaIngreso[25];
      |       ^~~~~~~~~~~~~~~
..\src\utnMenu.c:16:7: warning: unused variable 'auxCodigo' [-Wunused-variable]
   16 |  char auxCodigo[5];
      |       ^~~~~~~~~
..\src\utnMenu.c: In function 'buscarStringEnArray':
..\src\utnMenu.c:46:25: warning: passing argument 1 of 'strcmp' makes pointer from integer without a cast [-Wint-conversion]
   46 |   if (strcmp(arrayString[i], valorBuscado) == 0){
      |              ~~~~~~~~~~~^~~
      |                         |
      |                         char
In file included from ..\src\utnMenu.c:11:
c:\mingw\include\string.h:77:46: note: expected 'const char *' but argument is of type 'char'
   77 | _CRTIMP __cdecl __MINGW_NOTHROW  int strcmp (const char *, const char *) __MINGW_ATTRIB_PURE;
      |                                              ^~~~~~~~~~~~
..\src\utnMenu.c: In function 'altaProducto':
..\src\utnMenu.c:37:1: warning: control reaches end of non-void function [-Wreturn-type]
   37 | }
      | ^
gcc -o 7_Productos_Alta_Baja.exe "src\\7_Productos_Alta_Baja.o" "src\\utnArray.o" "src\\utnCadenas.o" "src\\utnGUI.o" "src\\utnMenu.o" "src\\utnValidacion.o" 
18:52:37 **** Incremental Build of configuration Debug for project 7_Productos_Alta_Baja ****
Info: Internal Builder is used for build
gcc -O0 -g3 -Wall -c -fmessage-length=0 -o "src\\utnMenu.o" "..\\src\\utnMenu.c" 
..\src\utnMenu.c: In function 'altaProducto':
..\src\utnMenu.c:25:8: warning: implicit declaration of function 'getPedirAlfanumerico' [-Wimplicit-function-declaration]
   25 |    if (getPedirAlfanumerico("\nIngrese el código alfanumerico: ",
      |        ^~~~~~~~~~~~~~~~~~~~
..\src\utnMenu.c:31:12: warning: implicit declaration of function 'deseaContinuar' [-Wimplicit-function-declaration]
   31 |   } while (deseaContinuar(
      |            ^~~~~~~~~~~~~~
..\src\utnMenu.c:18:7: warning: unused variable 'auxDescripcion' [-Wunused-variable]
   18 |  char auxDescripcion[15];
      |       ^~~~~~~~~~~~~~
..\src\utnMenu.c:17:7: warning: unused variable 'auxFechaIngreso' [-Wunused-variable]
   17 |  char auxFechaIngreso[25];
      |       ^~~~~~~~~~~~~~~
..\src\utnMenu.c:16:7: warning: unused variable 'auxCodigo' [-Wunused-variable]
   16 |  char auxCodigo[5];
      |       ^~~~~~~~~
..\src\utnMenu.c: In function 'buscarStringEnArray':
..\src\utnMenu.c:46:14: error: invalid type argument of unary '*' (have 'int')
   46 |   if (strcmp(*arrayString[i], valorBuscado) == 0){
      |              ^~~~~~~~~~~~~~~
..\src\utnMenu.c: In function 'altaProducto':
..\src\utnMenu.c:37:1: warning: control reaches end of non-void function [-Wreturn-type]
   37 | }
      | ^
18:53:05 **** Incremental Build of configuration Debug for project 7_Productos_Alta_Baja ****
Info: Internal Builder is used for build
gcc -O0 -g3 -Wall -c -fmessage-length=0 -o "src\\utnMenu.o" "..\\src\\utnMenu.c" 
..\src\utnMenu.c: In function 'altaProducto':
..\src\utnMenu.c:25:8: warning: implicit declaration of function 'getPedirAlfanumerico' [-Wimplicit-function-declaration]
   25 |    if (getPedirAlfanumerico("\nIngrese el código alfanumerico: ",
      |        ^~~~~~~~~~~~~~~~~~~~
..\src\utnMenu.c:31:12: warning: implicit declaration of function 'deseaContinuar' [-Wimplicit-function-declaration]
   31 |   } while (deseaContinuar(
      |            ^~~~~~~~~~~~~~
..\src\utnMenu.c:18:7: warning: unused variable 'auxDescripcion' [-Wunused-variable]
   18 |  char auxDescripcion[15];
      |       ^~~~~~~~~~~~~~
..\src\utnMenu.c:17:7: warning: unused variable 'auxFechaIngreso' [-Wunused-variable]
   17 |  char auxFechaIngreso[25];
      |       ^~~~~~~~~~~~~~~
..\src\utnMenu.c:16:7: warning: unused variable 'auxCodigo' [-Wunused-variable]
   16 |  char auxCodigo[5];
      |       ^~~~~~~~~
..\src\utnMenu.c: At top level:
..\src\utnMenu.c:39:5: error: conflicting types for 'buscarStringEnArray'
   39 | int buscarStringEnArray(char arrayString [] [40], char *valorBuscado,
      |     ^~~~~~~~~~~~~~~~~~~
In file included from ..\src\utnMenu.c:8:
..\src\utnMenu.h:13:5: note: previous declaration of 'buscarStringEnArray' was here
   13 | int buscarStringEnArray(char *arrayString, char *valorBuscado,
      |     ^~~~~~~~~~~~~~~~~~~
..\src\utnMenu.c: In function 'altaProducto':
..\src\utnMenu.c:37:1: warning: control reaches end of non-void function [-Wreturn-type]
   37 | }
      | ^
18:53:17 **** Incremental Build of configuration Debug for project 7_Productos_Alta_Baja ****
Info: Internal Builder is used for build
gcc -O0 -g3 -Wall -c -fmessage-length=0 -o "src\\utnMenu.o" "..\\src\\utnMenu.c" 
..\src\utnMenu.c: In function 'altaProducto':
..\src\utnMenu.c:25:8: warning: implicit declaration of function 'getPedirAlfanumerico' [-Wimplicit-function-declaration]
   25 |    if (getPedirAlfanumerico("\nIngrese el código alfanumerico: ",
      |        ^~~~~~~~~~~~~~~~~~~~
..\src\utnMenu.c:31:12: warning: implicit declaration of function 'deseaContinuar' [-Wimplicit-function-declaration]
   31 |   } while (deseaContinuar(
      |            ^~~~~~~~~~~~~~
..\src\utnMenu.c:18:7: warning: unused variable 'auxDescripcion' [-Wunused-variable]
   18 |  char auxDescripcion[15];
      |       ^~~~~~~~~~~~~~
..\src\utnMenu.c:17:7: warning: unused variable 'auxFechaIngreso' [-Wunused-variable]
   17 |  char auxFechaIngreso[25];
      |       ^~~~~~~~~~~~~~~
..\src\utnMenu.c:16:7: warning: unused variable 'auxCodigo' [-Wunused-variable]
   16 |  char auxCodigo[5];
      |       ^~~~~~~~~
..\src\utnMenu.c:37:1: warning: control reaches end of non-void function [-Wreturn-type]
   37 | }
      | ^
gcc -o 7_Productos_Alta_Baja.exe "src\\7_Productos_Alta_Baja.o" "src\\utnArray.o" "src\\utnCadenas.o" "src\\utnGUI.o" "src\\utnMenu.o" "src\\utnValidacion.o" 
Info: Nothing to build for 7_Productos_Alta_Baja
18:54:07 **** Incremental Build of configuration Debug for project 7_Productos_Alta_Baja ****
Info: Internal Builder is used for build
gcc -O0 -g3 -Wall -c -fmessage-length=0 -o "src\\utnMenu.o" "..\\src\\utnMenu.c" 
..\src\utnMenu.c: In function 'altaProducto':
..\src\utnMenu.c:28:61: warning: passing argument 3 of 'getPedirAlfanumerico' makes pointer from integer without a cast [-Wint-conversion]
   28 |      "\n***Error, no es un código alfanumerico valido***", 4)
      |                                                             ^
      |                                                             |
      |                                                             int
In file included from ..\src\utnMenu.c:9:
..\src\utnValidacion.h:115:65: note: expected 'char *' but argument is of type 'int'
  115 | int getPedirAlfanumerico(char *pArrayChar, char *mensaje, char *mensajeError,
      |                                                           ~~~~~~^~~~~~~~~~~~
..\src\utnMenu.c:27:8: error: too few arguments to function 'getPedirAlfanumerico'
   27 |    if (getPedirAlfanumerico("\nIngrese el código alfanumerico: ",
      |        ^~~~~~~~~~~~~~~~~~~~
In file included from ..\src\utnMenu.c:9:
..\src\utnValidacion.h:115:5: note: declared here
  115 | int getPedirAlfanumerico(char *pArrayChar, char *mensaje, char *mensajeError,
      |     ^~~~~~~~~~~~~~~~~~~~
..\src\utnMenu.c:20:7: warning: unused variable 'auxDescripcion' [-Wunused-variable]
   20 |  char auxDescripcion[15];
      |       ^~~~~~~~~~~~~~
..\src\utnMenu.c:19:7: warning: unused variable 'auxFechaIngreso' [-Wunused-variable]
   19 |  char auxFechaIngreso[25];
      |       ^~~~~~~~~~~~~~~
..\src\utnMenu.c:18:7: warning: unused variable 'auxCodigo' [-Wunused-variable]
   18 |  char auxCodigo[5];
      |       ^~~~~~~~~
..\src\utnMenu.c:39:1: warning: control reaches end of non-void function [-Wreturn-type]
   39 | }
      | ^
18:58:15 **** Incremental Build of configuration Debug for project 7_Productos_Alta_Baja ****
Info: Internal Builder is used for build
gcc -O0 -g3 -Wall -c -fmessage-length=0 -o "src\\7_Productos_Alta_Baja.o" "..\\src\\7_Productos_Alta_Baja.c" 
..\src\7_Productos_Alta_Baja.c: In function 'main':
..\src\7_Productos_Alta_Baja.c:34:2: warning: implicit declaration of function 'getPedirInt' [-Wimplicit-function-declaration]
   34 |  getPedirInt(&opcionElegida, "\n1. Alta producto \n2. Baja producto", "\n***Error, no es una opción válida***", 1, 2, 4);
      |  ^~~~~~~~~~~
..\src\7_Productos_Alta_Baja.c:29:6: warning: unused variable 'estaLibre' [-Wunused-variable]
   29 |  int estaLibre[TAMPRODUCTOS];
      |      ^~~~~~~~~
..\src\7_Productos_Alta_Baja.c:28:7: warning: unused variable 'descripcion' [-Wunused-variable]
   28 |  char descripcion[TAMPRODUCTOS][15];
      |       ^~~~~~~~~~~
..\src\7_Productos_Alta_Baja.c:27:7: warning: unused variable 'fechaIngreso' [-Wunused-variable]
   27 |  char fechaIngreso[TAMPRODUCTOS][25];
      |       ^~~~~~~~~~~~
..\src\7_Productos_Alta_Baja.c:26:7: warning: unused variable 'codigo' [-Wunused-variable]
   26 |  char codigo[TAMPRODUCTOS][5];
      |       ^~~~~~
gcc -O0 -g3 -Wall -c -fmessage-length=0 -o "src\\utnMenu.o" "..\\src\\utnMenu.c" 
..\src\utnMenu.c: In function 'altaProducto':
..\src\utnMenu.c:36:18: warning: comparison between pointer and integer
   36 |    if (estaLibre == -1){
      |                  ^~
..\src\utnMenu.c:21:6: warning: variable 'indiceLibre' set but not used [-Wunused-but-set-variable]
   21 |  int indiceLibre = -1;
      |      ^~~~~~~~~~~
..\src\utnMenu.c:20:7: warning: unused variable 'auxDescripcion' [-Wunused-variable]
   20 |  char auxDescripcion[15];
      |       ^~~~~~~~~~~~~~
..\src\utnMenu.c:19:7: warning: unused variable 'auxFechaIngreso' [-Wunused-variable]
   19 |  char auxFechaIngreso[25];
      |       ^~~~~~~~~~~~~~~
..\src\utnMenu.c:53:1: warning: control reaches end of non-void function [-Wreturn-type]
   53 | }
      | ^
gcc -o 7_Productos_Alta_Baja.exe "src\\7_Productos_Alta_Baja.o" "src\\utnArray.o" "src\\utnCadenas.o" "src\\utnGUI.o" "src\\utnMenu.o" "src\\utnValidacion.o" 
19:25:44 **** Incremental Build of configuration Debug for project 7_Productos_Alta_Baja ****
Info: Internal Builder is used for build
gcc -O0 -g3 -Wall -c -fmessage-length=0 -o "src\\utnMenu.o" "..\\src\\utnMenu.c" 
..\src\utnMenu.c: In function 'altaProducto':
..\src\utnMenu.c:37:18: warning: comparison between pointer and integer
   37 |    if (estaLibre == -1) {
      |                  ^~
..\src\utnMenu.c:21:6: warning: variable 'indiceLibre' set but not used [-Wunused-but-set-variable]
   21 |  int indiceLibre = -1;
      |      ^~~~~~~~~~~
..\src\utnMenu.c:20:7: warning: unused variable 'auxDescripcion' [-Wunused-variable]
   20 |  char auxDescripcion[15];
      |       ^~~~~~~~~~~~~~
..\src\utnMenu.c:19:7: warning: unused variable 'auxFechaIngreso' [-Wunused-variable]
   19 |  char auxFechaIngreso[25];
      |       ^~~~~~~~~~~~~~~
..\src\utnMenu.c: In function 'esFecha':
..\src\utnMenu.c:81:8: warning: implicit declaration of function 'isdigit' [-Wimplicit-function-declaration]
   81 |   if (!isdigit(fecha[i])) {
      |        ^~~~~~~
..\src\utnMenu.c: In function 'altaProducto':
..\src\utnMenu.c:56:1: warning: control reaches end of non-void function [-Wreturn-type]
   56 | }
      | ^
gcc -o 7_Productos_Alta_Baja.exe "src\\7_Productos_Alta_Baja.o" "src\\utnArray.o" "src\\utnCadenas.o" "src\\utnGUI.o" "src\\utnMenu.o" "src\\utnValidacion.o" 
19:27:23 **** Incremental Build of configuration Debug for project 7_Productos_Alta_Baja ****
Info: Internal Builder is used for build
gcc -O0 -g3 -Wall -c -fmessage-length=0 -o "src\\utnMenu.o" "..\\src\\utnMenu.c" 
..\src\utnMenu.c: In function 'altaProducto':
..\src\utnMenu.c:38:18: warning: comparison between pointer and integer
   38 |    if (estaLibre == -1) {
      |                  ^~
..\src\utnMenu.c:22:6: warning: variable 'indiceLibre' set but not used [-Wunused-but-set-variable]
   22 |  int indiceLibre = -1;
      |      ^~~~~~~~~~~
..\src\utnMenu.c:21:7: warning: unused variable 'auxDescripcion' [-Wunused-variable]
   21 |  char auxDescripcion[15];
      |       ^~~~~~~~~~~~~~
..\src\utnMenu.c:20:7: warning: unused variable 'auxFechaIngreso' [-Wunused-variable]
   20 |  char auxFechaIngreso[25];
      |       ^~~~~~~~~~~~~~~
..\src\utnMenu.c:57:1: warning: control reaches end of non-void function [-Wreturn-type]
   57 | }
      | ^
gcc -o 7_Productos_Alta_Baja.exe "src\\7_Productos_Alta_Baja.o" "src\\utnArray.o" "src\\utnCadenas.o" "src\\utnGUI.o" "src\\utnMenu.o" "src\\utnValidacion.o" 
19:28:48 **** Incremental Build of configuration Debug for project 7_Productos_Alta_Baja ****
Info: Internal Builder is used for build
gcc -O0 -g3 -Wall -c -fmessage-length=0 -o "src\\utnMenu.o" "..\\src\\utnMenu.c" 
..\src\utnMenu.c: In function 'altaProducto':
..\src\utnMenu.c:21:7: warning: unused variable 'auxDescripcion' [-Wunused-variable]
   21 |  char auxDescripcion[15];
      |       ^~~~~~~~~~~~~~
..\src\utnMenu.c:65:1: warning: control reaches end of non-void function [-Wreturn-type]
   65 | }
      | ^
gcc -o 7_Productos_Alta_Baja.exe "src\\7_Productos_Alta_Baja.o" "src\\utnArray.o" "src\\utnCadenas.o" "src\\utnGUI.o" "src\\utnMenu.o" "src\\utnValidacion.o" 
Info: Nothing to build for 7_Productos_Alta_Baja
19:36:19 **** Incremental Build of configuration Debug for project 7_Productos_Alta_Baja ****
Info: Internal Builder is used for build
gcc -O0 -g3 -Wall -c -fmessage-length=0 -o "src\\utnMenu.o" "..\\src\\utnMenu.c" 
..\src\utnMenu.c: In function 'altaProducto':
..\src\utnMenu.c:21:7: warning: unused variable 'auxDescripcion' [-Wunused-variable]
   21 |  char auxDescripcion[15];
      |       ^~~~~~~~~~~~~~
..\src\utnMenu.c:65:1: warning: control reaches end of non-void function [-Wreturn-type]
   65 | }
      | ^
gcc -o 7_Productos_Alta_Baja.exe "src\\7_Productos_Alta_Baja.o" "src\\utnArray.o" "src\\utnCadenas.o" "src\\utnGUI.o" "src\\utnMenu.o" "src\\utnValidacion.o" 
19:41:08 **** Incremental Build of configuration Debug for project 7_Productos_Alta_Baja ****
Info: Internal Builder is used for build
gcc -O0 -g3 -Wall -c -fmessage-length=0 -o "src\\utnMenu.o" "..\\src\\utnMenu.c" 
..\src\utnMenu.c: In function 'altaProducto':
..\src\utnMenu.c:21:7: warning: unused variable 'auxDescripcion' [-Wunused-variable]
   21 |  char auxDescripcion[15];
      |       ^~~~~~~~~~~~~~
..\src\utnMenu.c: In function 'getPedirTelefono':
..\src\utnMenu.c:136:17: warning: passing argument 1 of 'getFecha' from incompatible pointer type [-Wincompatible-pointer-types]
  136 |    if (getFecha(&telefono) == 0) {
      |                 ^~~~~~~~~
      |                 |
      |                 char (*)[50]
..\src\utnMenu.c:106:20: note: expected 'char *' but argument is of type 'char (*)[50]'
  106 | int getFecha(char* pResultado){
      |              ~~~~~~^~~~~~~~~~
..\src\utnMenu.c:148:11: warning: assignment to 'char' from 'char *' makes integer from pointer without a cast [-Wint-conversion]
  148 |    *pChar = telefono;
      |           ^
..\src\utnMenu.c: In function 'altaProducto':
..\src\utnMenu.c:65:1: warning: control reaches end of non-void function [-Wreturn-type]
   65 | }
      | ^
gcc -o 7_Productos_Alta_Baja.exe "src\\7_Productos_Alta_Baja.o" "src\\utnArray.o" "src\\utnCadenas.o" "src\\utnGUI.o" "src\\utnMenu.o" "src\\utnValidacion.o" 
19:41:16 **** Incremental Build of configuration Debug for project 7_Productos_Alta_Baja ****
Info: Internal Builder is used for build
gcc -O0 -g3 -Wall -c -fmessage-length=0 -o "src\\utnMenu.o" "..\\src\\utnMenu.c" 
..\src\utnMenu.c: In function 'altaProducto':
..\src\utnMenu.c:21:7: warning: unused variable 'auxDescripcion' [-Wunused-variable]
   21 |  char auxDescripcion[15];
      |       ^~~~~~~~~~~~~~
..\src\utnMenu.c: In function 'getPedirTelefono':
..\src\utnMenu.c:148:11: warning: assignment to 'char' from 'char *' makes integer from pointer without a cast [-Wint-conversion]
  148 |    *pChar = telefono;
      |           ^
..\src\utnMenu.c: In function 'altaProducto':
..\src\utnMenu.c:65:1: warning: control reaches end of non-void function [-Wreturn-type]
   65 | }
      | ^
gcc -o 7_Productos_Alta_Baja.exe "src\\7_Productos_Alta_Baja.o" "src\\utnArray.o" "src\\utnCadenas.o" "src\\utnGUI.o" "src\\utnMenu.o" "src\\utnValidacion.o" 
19:41:31 **** Incremental Build of configuration Debug for project 7_Productos_Alta_Baja ****
Info: Internal Builder is used for build
gcc -O0 -g3 -Wall -c -fmessage-length=0 -o "src\\utnMenu.o" "..\\src\\utnMenu.c" 
..\src\utnMenu.c: In function 'altaProducto':
..\src\utnMenu.c:21:7: warning: unused variable 'auxDescripcion' [-Wunused-variable]
   21 |  char auxDescripcion[15];
      |       ^~~~~~~~~~~~~~
..\src\utnMenu.c: In function 'getPedirTelefono':
..\src\utnMenu.c:148:26: error: expected ';' before '}' token
  148 |    strcpy(pChar,telefono)
      |                          ^
      |                          ;
  149 |   }
      |   ~                       
..\src\utnMenu.c: In function 'altaProducto':
..\src\utnMenu.c:65:1: warning: control reaches end of non-void function [-Wreturn-type]
   65 | }
      | ^
19:41:41 **** Incremental Build of configuration Debug for project 7_Productos_Alta_Baja ****
Info: Internal Builder is used for build
gcc -O0 -g3 -Wall -c -fmessage-length=0 -o "src\\utnMenu.o" "..\\src\\utnMenu.c" 
..\src\utnMenu.c: In function 'altaProducto':
..\src\utnMenu.c:21:7: warning: unused variable 'auxDescripcion' [-Wunused-variable]
   21 |  char auxDescripcion[15];
      |       ^~~~~~~~~~~~~~
..\src\utnMenu.c: In function 'getPedirTelefono':
..\src\utnMenu.c:148:11: warning: passing argument 1 of 'strcpy' makes pointer from integer without a cast [-Wint-conversion]
  148 |    strcpy(*pChar,telefono);
      |           ^~~~~~
      |           |
      |           char
In file included from ..\src\utnMenu.c:13:
c:\mingw\include\string.h:79:40: note: expected 'char *' but argument is of type 'char'
   79 | _CRTIMP __cdecl __MINGW_NOTHROW  char *strcpy (char *, const char *);
      |                                        ^~~~~~
..\src\utnMenu.c: In function 'altaProducto':
..\src\utnMenu.c:65:1: warning: control reaches end of non-void function [-Wreturn-type]
   65 | }
      | ^
gcc -o 7_Productos_Alta_Baja.exe "src\\7_Productos_Alta_Baja.o" "src\\utnArray.o" "src\\utnCadenas.o" "src\\utnGUI.o" "src\\utnMenu.o" "src\\utnValidacion.o" 
19:41:46 **** Incremental Build of configuration Debug for project 7_Productos_Alta_Baja ****
Info: Internal Builder is used for build
gcc -O0 -g3 -Wall -c -fmessage-length=0 -o "src\\utnMenu.o" "..\\src\\utnMenu.c" 
..\src\utnMenu.c: In function 'altaProducto':
..\src\utnMenu.c:21:7: warning: unused variable 'auxDescripcion' [-Wunused-variable]
   21 |  char auxDescripcion[15];
      |       ^~~~~~~~~~~~~~
..\src\utnMenu.c:65:1: warning: control reaches end of non-void function [-Wreturn-type]
   65 | }
      | ^
gcc -o 7_Productos_Alta_Baja.exe "src\\7_Productos_Alta_Baja.o" "src\\utnArray.o" "src\\utnCadenas.o" "src\\utnGUI.o" "src\\utnMenu.o" "src\\utnValidacion.o" 
19:51:17 **** Incremental Build of configuration Debug for project 7_Productos_Alta_Baja ****
Info: Internal Builder is used for build
gcc -O0 -g3 -Wall -c -fmessage-length=0 -o "src\\utnMenu.o" "..\\src\\utnMenu.c" 
..\src\utnMenu.c: In function 'altaProducto':
..\src\utnMenu.c:51:14: error: too few arguments to function 'getPedirTelefono'
   51 |    else if ((getPedirTelefono(auxFechaIngreso,
      |              ^~~~~~~~~~~~~~~~
In file included from ..\src\utnMenu.c:8:
..\src\utnMenu.h:20:5: note: declared here
   20 | int getPedirTelefono(char *pChar, char *mensaje, char *mensajeError,
      |     ^~~~~~~~~~~~~~~~
..\src\utnMenu.c:88:1: warning: control reaches end of non-void function [-Wreturn-type]
   88 | }
      | ^
19:52:13 **** Incremental Build of configuration Debug for project 7_Productos_Alta_Baja ****
Info: Internal Builder is used for build
gcc -O0 -g3 -Wall -c -fmessage-length=0 -o "src\\utnMenu.o" "..\\src\\utnMenu.c" 
..\src\utnMenu.c: In function 'altaProducto':
..\src\utnMenu.c:87:1: warning: control reaches end of non-void function [-Wreturn-type]
   87 | }
      | ^
gcc -o 7_Productos_Alta_Baja.exe "src\\7_Productos_Alta_Baja.o" "src\\utnArray.o" "src\\utnCadenas.o" "src\\utnGUI.o" "src\\utnMenu.o" "src\\utnValidacion.o" 
19:53:08 **** Incremental Build of configuration Debug for project 7_Productos_Alta_Baja ****
Info: Internal Builder is used for build
gcc -O0 -g3 -Wall -c -fmessage-length=0 -o "src\\utnMenu.o" "..\\src\\utnMenu.c" 
gcc -o 7_Productos_Alta_Baja.exe "src\\7_Productos_Alta_Baja.o" "src\\utnArray.o" "src\\utnCadenas.o" "src\\utnGUI.o" "src\\utnMenu.o" "src\\utnValidacion.o" 
19:53:24 **** Incremental Build of configuration Debug for project 7_Productos_Alta_Baja ****
Info: Internal Builder is used for build
gcc -O0 -g3 -Wall -c -fmessage-length=0 -o "src\\utnMenu.o" "..\\src\\utnMenu.c" 
gcc -o 7_Productos_Alta_Baja.exe "src\\7_Productos_Alta_Baja.o" "src\\utnArray.o" "src\\utnCadenas.o" "src\\utnGUI.o" "src\\utnMenu.o" "src\\utnValidacion.o" 
20:08:59 **** Incremental Build of configuration Debug for project 7_Productos_Alta_Baja ****
Info: Internal Builder is used for build
gcc -O0 -g3 -Wall -c -fmessage-length=0 -o "src\\utnMenu.o" "..\\src\\utnMenu.c" 
..\src\utnMenu.c: In function 'bajaProducto':
..\src\utnMenu.c:97:26: error: expected expression before ')' token
   97 |    && tamProducto > 0 && ) {
      |                          ^
..\src\utnMenu.c:103:1: warning: control reaches end of non-void function [-Wreturn-type]
  103 | }
      | ^
20:09:50 **** Incremental Build of configuration Debug for project 7_Productos_Alta_Baja ****
Info: Internal Builder is used for build
gcc -O0 -g3 -Wall -c -fmessage-length=0 -o "src\\utnMenu.o" "..\\src\\utnMenu.c" 
..\src\utnMenu.c: In function 'bajaProducto':
..\src\utnMenu.c:97:26: warning: implicit declaration of function 'buscarValorIntEnArray'; did you mean 'buscarValorStringEnArray'? [-Wimplicit-function-declaration]
   97 |    && tamProducto > 0 && buscarValorIntEnArray(estaLibre, 1, tamProducto) != -1) {
      |                          ^~~~~~~~~~~~~~~~~~~~~
      |                          buscarValorStringEnArray
..\src\utnMenu.c:103:1: warning: control reaches end of non-void function [-Wreturn-type]
  103 | }
      | ^
gcc -O0 -g3 -Wall -c -fmessage-length=0 -o "src\\7_Productos_Alta_Baja.o" "..\\src\\7_Productos_Alta_Baja.c" 
..\src\7_Productos_Alta_Baja.c: In function 'main':
..\src\7_Productos_Alta_Baja.c:34:2: warning: implicit declaration of function 'getPedirInt' [-Wimplicit-function-declaration]
   34 |  getPedirInt(&opcionElegida, "\n1. Alta producto \n2. Baja producto", "\n***Error, no es una opción válida***", 1, 2, 4);
      |  ^~~~~~~~~~~
..\src\7_Productos_Alta_Baja.c:39:3: warning: implicit declaration of function 'altaProducto' [-Wimplicit-function-declaration]
   39 |   altaProducto(codigo, fechaIngreso, descripcion, estaLibre, TAMPRODUCTOS)
      |   ^~~~~~~~~~~~
..\src\7_Productos_Alta_Baja.c:39:75: error: expected ';' before 'break'
   39 |   altaProducto(codigo, fechaIngreso, descripcion, estaLibre, TAMPRODUCTOS)
      |                                                                           ^
      |                                                                           ;
   40 |   break;
      |   ~~~~~                                                                    
20:10:09 **** Incremental Build of configuration Debug for project 7_Productos_Alta_Baja ****
Info: Internal Builder is used for build
gcc -O0 -g3 -Wall -c -fmessage-length=0 -o "src\\7_Productos_Alta_Baja.o" "..\\src\\7_Productos_Alta_Baja.c" 
..\src\7_Productos_Alta_Baja.c: In function 'main':
..\src\7_Productos_Alta_Baja.c:34:2: warning: implicit declaration of function 'getPedirInt' [-Wimplicit-function-declaration]
   34 |  getPedirInt(&opcionElegida, "\n1. Alta producto \n2. Baja producto", "\n***Error, no es una opción válida***", 1, 2, 4);
      |  ^~~~~~~~~~~
..\src\7_Productos_Alta_Baja.c:39:3: warning: implicit declaration of function 'altaProducto' [-Wimplicit-function-declaration]
   39 |   altaProducto(codigo, fechaIngreso, descripcion, estaLibre, TAMPRODUCTOS)
      |   ^~~~~~~~~~~~
..\src\7_Productos_Alta_Baja.c:39:75: error: expected ';' before 'break'
   39 |   altaProducto(codigo, fechaIngreso, descripcion, estaLibre, TAMPRODUCTOS)
      |                                                                           ^
      |                                                                           ;
   40 |   break;
      |   ~~~~~                                                                    
20:17:12 **** Incremental Build of configuration Debug for project 7_Productos_Alta_Baja ****
Info: Internal Builder is used for build
gcc -O0 -g3 -Wall -c -fmessage-length=0 -o "src\\utnMenu.o" "..\\src\\utnMenu.c" 
..\src\utnMenu.c: In function 'bajaProducto':
..\src\utnMenu.c:101:105: warning: missing terminating ' character
  101 |   if(getPedirInt(idParaBorrar, "\nIngrese el id del producto para eliminar: ", "\n***Error, ", 1, 100000', 4) == -1) {
      |                                                                                                         ^
..\src\utnMenu.c:101:105: error: missing terminating ' character
  101 |   if(getPedirInt(idParaBorrar, "\nIngrese el id del producto para eliminar: ", "\n***Error, ", 1, 100000', 4) == -1) {
      |                                                                                                         ^~~~~~~~~~~~~~
..\src\utnMenu.c:101:105: error: expected ')' before '}' token
  101 |   if(getPedirInt(idParaBorrar, "\nIngrese el id del producto para eliminar: ", "\n***Error, ", 1, 100000', 4) == -1) {
      |                                                                                                         ^
      |                                                                                                         )
  102 | 
  103 |   }
      |   ~                                                                                                      
..\src\utnMenu.c:101:18: warning: passing argument 1 of 'getPedirInt' makes pointer from integer without a cast [-Wint-conversion]
  101 |   if(getPedirInt(idParaBorrar, "\nIngrese el id del producto para eliminar: ", "\n***Error, ", 1, 100000', 4) == -1) {
      |                  ^~~~~~~~~~~~
      |                  |
      |                  int
In file included from ..\src\utnMenu.c:9:
..\src\utnValidacion.h:61:22: note: expected 'int *' but argument is of type 'int'
   61 | int getPedirInt(int *pNumero, char *mensaje, char *mensajeError, int minimo,
      |                 ~~~~~^~~~~~~
..\src\utnMenu.c:101:6: error: too few arguments to function 'getPedirInt'
  101 |   if(getPedirInt(idParaBorrar, "\nIngrese el id del producto para eliminar: ", "\n***Error, ", 1, 100000', 4) == -1) {
      |      ^~~~~~~~~~~
In file included from ..\src\utnMenu.c:9:
..\src\utnValidacion.h:61:5: note: declared here
   61 | int getPedirInt(int *pNumero, char *mensaje, char *mensajeError, int minimo,
      |     ^~~~~~~~~~~
..\src\utnMenu.c:101:105: error: expected ')' before '}' token
  101 |   if(getPedirInt(idParaBorrar, "\nIngrese el id del producto para eliminar: ", "\n***Error, ", 1, 100000', 4) == -1) {
      |     ~                                                                                                   ^
      |                                                                                                         )
  102 | 
  103 |   }
      |   ~                                                                                                      
..\src\utnMenu.c:103:3: error: expected expression before '}' token
  103 |   }
      |   ^
..\src\utnMenu.c: At top level:
..\src\utnMenu.c:106:1: error: expected identifier or '(' before '}' token
  106 | }
      | ^
..\src\utnMenu.c: In function 'bajaProducto':
..\src\utnMenu.c:104:2: warning: control reaches end of non-void function [-Wreturn-type]
  104 |  }
      |  ^
20:17:43 **** Incremental Build of configuration Debug for project 7_Productos_Alta_Baja ****
Info: Internal Builder is used for build
gcc -O0 -g3 -Wall -c -fmessage-length=0 -o "src\\7_Productos_Alta_Baja.o" "..\\src\\7_Productos_Alta_Baja.c" 
..\src\7_Productos_Alta_Baja.c: In function 'main':
..\src\7_Productos_Alta_Baja.c:34:2: warning: implicit declaration of function 'getPedirInt' [-Wimplicit-function-declaration]
   34 |  getPedirInt(&opcionElegida, "\n1. Alta producto \n2. Baja producto", "\n***Error, no es una opción válida***", 1, 2, 4);
      |  ^~~~~~~~~~~
..\src\7_Productos_Alta_Baja.c:39:3: warning: implicit declaration of function 'altaProducto' [-Wimplicit-function-declaration]
   39 |   altaProducto(codigo, fechaIngreso, descripcion, estaLibre, TAMPRODUCTOS)
      |   ^~~~~~~~~~~~
..\src\7_Productos_Alta_Baja.c:39:75: error: expected ';' before 'break'
   39 |   altaProducto(codigo, fechaIngreso, descripcion, estaLibre, TAMPRODUCTOS)
      |                                                                           ^
      |                                                                           ;
   40 |   break;
      |   ~~~~~                                                                    
20:19:08 **** Incremental Build of configuration Debug for project 7_Productos_Alta_Baja ****
Info: Internal Builder is used for build
gcc -O0 -g3 -Wall -c -fmessage-length=0 -o "src\\7_Productos_Alta_Baja.o" "..\\src\\7_Productos_Alta_Baja.c" 
..\src\7_Productos_Alta_Baja.c: In function 'main':
..\src\7_Productos_Alta_Baja.c:34:2: warning: implicit declaration of function 'getPedirInt' [-Wimplicit-function-declaration]
   34 |  getPedirInt(&opcionElegida, "\n1. Alta producto \n2. Baja producto", "\n***Error, no es una opción válida***", 1, 2, 4);
      |  ^~~~~~~~~~~
..\src\7_Productos_Alta_Baja.c:39:3: warning: implicit declaration of function 'altaProducto' [-Wimplicit-function-declaration]
   39 |   altaProducto(codigo, fechaIngreso, descripcion, estaLibre, TAMPRODUCTOS)
      |   ^~~~~~~~~~~~
..\src\7_Productos_Alta_Baja.c:39:75: error: expected ';' before 'break'
   39 |   altaProducto(codigo, fechaIngreso, descripcion, estaLibre, TAMPRODUCTOS)
      |                                                                           ^
      |                                                                           ;
   40 |   break;
      |   ~~~~~                                                                    
20:19:23 **** Incremental Build of configuration Debug for project 7_Productos_Alta_Baja ****
Info: Internal Builder is used for build
gcc -O0 -g3 -Wall -c -fmessage-length=0 -o "src\\utnMenu.o" "..\\src\\utnMenu.c" 
..\src\utnMenu.c: In function 'bajaProducto':
..\src\utnMenu.c:103:4: error: continue statement not within a loop
  103 |    continue;
      |    ^~~~~~~~
..\src\utnMenu.c:109:1: warning: control reaches end of non-void function [-Wreturn-type]
  109 | }
      | ^
20:32:11 **** Incremental Build of configuration Debug for project 7_Productos_Alta_Baja ****
Info: Internal Builder is used for build
gcc -O0 -g3 -Wall -c -fmessage-length=0 -o "src\\7_Productos_Alta_Baja.o" "..\\src\\7_Productos_Alta_Baja.c" 
..\src\7_Productos_Alta_Baja.c: In function 'main':
..\src\7_Productos_Alta_Baja.c:34:2: warning: implicit declaration of function 'getPedirInt' [-Wimplicit-function-declaration]
   34 |  getPedirInt(&opcionElegida, "\n1. Alta producto \n2. Baja producto", "\n***Error, no es una opción válida***", 1, 2, 4);
      |  ^~~~~~~~~~~
..\src\7_Productos_Alta_Baja.c:39:3: warning: implicit declaration of function 'altaProducto' [-Wimplicit-function-declaration]
   39 |   altaProducto(codigo, fechaIngreso, descripcion, estaLibre, TAMPRODUCTOS);
      |   ^~~~~~~~~~~~
gcc -O0 -g3 -Wall -c -fmessage-length=0 -o "src\\utnMenu.o" "..\\src\\utnMenu.c" 
..\src\utnMenu.c: In function 'bajaProducto':
..\src\utnMenu.c:104:59: warning: passing argument 1 of 'buscarValorStringEnArray' from incompatible pointer type [-Wincompatible-pointer-types]
  104 |    indiceDelProductoParaBorrar = buscarValorStringEnArray(codigo,
      |                                                           ^~~~~~
      |                                                           |
      |                                                           char (*)[5]
In file included from ..\src\utnMenu.c:8:
..\src\utnMenu.h:19:35: note: expected 'char (*)[40]' but argument is of type 'char (*)[5]'
   19 | int buscarValorStringEnArray(char arrayString [] [40], char *valorBuscado,
      |                              ~~~~~^~~~~~~~~~~~~~~~~~~
gcc -o 7_Productos_Alta_Baja.exe "src\\7_Productos_Alta_Baja.o" "src\\utnArray.o" "src\\utnCadenas.o" "src\\utnGUI.o" "src\\utnMenu.o" "src\\utnValidacion.o" 
20:34:23 **** Incremental Build of configuration Debug for project 7_Productos_Alta_Baja ****
Info: Internal Builder is used for build
gcc -O0 -g3 -Wall -c -fmessage-length=0 -o "src\\utnMenu.o" "..\\src\\utnMenu.c" 
..\src\utnMenu.c: In function 'bajaProducto':
..\src\utnMenu.c:104:59: warning: passing argument 1 of 'buscarValorStringEnArray' from incompatible pointer type [-Wincompatible-pointer-types]
  104 |    indiceDelProductoParaBorrar = buscarValorStringEnArray(codigo, codigoParaBorrar, tamProducto);
      |                                                           ^~~~~~
      |                                                           |
      |                                                           char (*)[5]
In file included from ..\src\utnMenu.c:8:
..\src\utnMenu.h:19:35: note: expected 'char (*)[40]' but argument is of type 'char (*)[5]'
   19 | int buscarValorStringEnArray(char arrayString [] [40], char *valorBuscado,
      |                              ~~~~~^~~~~~~~~~~~~~~~~~~
gcc -o 7_Productos_Alta_Baja.exe "src\\7_Productos_Alta_Baja.o" "src\\utnArray.o" "src\\utnCadenas.o" "src\\utnGUI.o" "src\\utnMenu.o" "src\\utnValidacion.o" 
20:39:09 **** Incremental Build of configuration Debug for project 7_Productos_Alta_Baja ****
Info: Internal Builder is used for build
gcc -O0 -g3 -Wall -c -fmessage-length=0 -o "src\\utnMenu.o" "..\\src\\utnMenu.c" 
..\src\utnMenu.c: In function 'bajaProducto':
..\src\utnMenu.c:104:59: warning: passing argument 1 of 'buscarValorStringEnArray' from incompatible pointer type [-Wincompatible-pointer-types]
  104 |    indiceDelProductoParaBorrar = buscarValorStringEnArray(codigo, codigoParaBorrar, tamProducto);
      |                                                           ^~~~~~
      |                                                           |
      |                                                           char (*)[5]
In file included from ..\src\utnMenu.c:8:
..\src\utnMenu.h:19:35: note: expected 'char (*)[40]' but argument is of type 'char (*)[5]'
   19 | int buscarValorStringEnArray(char arrayString [] [40], char *valorBuscado,
      |                              ~~~~~^~~~~~~~~~~~~~~~~~~
gcc -o 7_Productos_Alta_Baja.exe "src\\7_Productos_Alta_Baja.o" "src\\utnArray.o" "src\\utnCadenas.o" "src\\utnGUI.o" "src\\utnMenu.o" "src\\utnValidacion.o" 
20:44:06 **** Incremental Build of configuration Debug for project 7_Productos_Alta_Baja ****
Info: Internal Builder is used for build
gcc -O0 -g3 -Wall -c -fmessage-length=0 -o "src\\utnMenu.o" "..\\src\\utnMenu.c" 
gcc -o 7_Productos_Alta_Baja.exe "src\\7_Productos_Alta_Baja.o" "src\\utnArray.o" "src\\utnCadenas.o" "src\\utnGUI.o" "src\\utnMenu.o" "src\\utnValidacion.o" 
20:45:30 **** Incremental Build of configuration Debug for project 7_Productos_Alta_Baja ****
Info: Internal Builder is used for build
gcc -O0 -g3 -Wall -c -fmessage-length=0 -o "src\\utnMenu.o" "..\\src\\utnMenu.c" 
gcc -o 7_Productos_Alta_Baja.exe "src\\7_Productos_Alta_Baja.o" "src\\utnArray.o" "src\\utnCadenas.o" "src\\utnGUI.o" "src\\utnMenu.o" "src\\utnValidacion.o" 
Info: Nothing to build for 7_Productos_Alta_Baja
20:49:52 **** Incremental Build of configuration Debug for project 7_Productos_Alta_Baja ****
Info: Internal Builder is used for build
gcc -O0 -g3 -Wall -c -fmessage-length=0 -o "src\\utnMenu.o" "..\\src\\utnMenu.c" 
gcc -o 7_Productos_Alta_Baja.exe "src\\7_Productos_Alta_Baja.o" "src\\utnArray.o" "src\\utnCadenas.o" "src\\utnGUI.o" "src\\utnMenu.o" "src\\utnValidacion.o" 
20:51:02 **** Incremental Build of configuration Debug for project 7_Productos_Alta_Baja ****
Info: Internal Builder is used for build
gcc -O0 -g3 -Wall -c -fmessage-length=0 -o "src\\utnMenu.o" "..\\src\\utnMenu.c" 
gcc -O0 -g3 -Wall -c -fmessage-length=0 -o "src\\7_Productos_Alta_Baja.o" "..\\src\\7_Productos_Alta_Baja.c" 
..\src\7_Productos_Alta_Baja.c: In function 'main':
..\src\7_Productos_Alta_Baja.c:32:1: warning: this 'for' clause does not guard... [-Wmisleading-indentation]
   32 | for(int i = 0; i<TAMPRODUCTOS;i++)
      | ^~~
..\src\7_Productos_Alta_Baja.c:35:2: note: ...this statement, but the latter is misleadingly indented as if it were guarded by the 'for'
   35 |  getPedirInt(&opcionElegida, "\n1. Alta producto \n2. Baja producto", "\n***Error, no es una opción válida***", 1, 2, 4);
      |  ^~~~~~~~~~~
..\src\7_Productos_Alta_Baja.c:35:2: warning: implicit declaration of function 'getPedirInt' [-Wimplicit-function-declaration]
..\src\7_Productos_Alta_Baja.c:40:3: warning: implicit declaration of function 'altaProducto' [-Wimplicit-function-declaration]
   40 |   altaProducto(codigo, fechaIngreso, descripcion, estaLibre, TAMPRODUCTOS);
      |   ^~~~~~~~~~~~
gcc -o 7_Productos_Alta_Baja.exe "src\\7_Productos_Alta_Baja.o" "src\\utnArray.o" "src\\utnCadenas.o" "src\\utnGUI.o" "src\\utnMenu.o" "src\\utnValidacion.o" 
20:51:42 **** Incremental Build of configuration Debug for project 7_Productos_Alta_Baja ****
Info: Internal Builder is used for build
gcc -O0 -g3 -Wall -c -fmessage-length=0 -o "src\\7_Productos_Alta_Baja.o" "..\\src\\7_Productos_Alta_Baja.c" 
..\src\7_Productos_Alta_Baja.c: In function 'main':
..\src\7_Productos_Alta_Baja.c:39:2: warning: implicit declaration of function 'getPedirInt' [-Wimplicit-function-declaration]
   39 |  getPedirInt(&opcionElegida, "\n1. Alta producto \n2. Baja producto", "\n***Error, no es una opción válida***", 1, 2, 4);
      |  ^~~~~~~~~~~
gcc -o 7_Productos_Alta_Baja.exe "src\\7_Productos_Alta_Baja.o" "src\\utnArray.o" "src\\utnCadenas.o" "src\\utnGUI.o" "src\\utnMenu.o" "src\\utnValidacion.o" 
Info: Nothing to build for 7_Productos_Alta_Baja
Info: Nothing to build for 7_Productos_Alta_Baja
Info: Nothing to build for 7_Productos_Alta_Baja
20:55:19 **** Incremental Build of configuration Debug for project 7_Productos_Alta_Baja ****
Info: Internal Builder is used for build
gcc -O0 -g3 -Wall -c -fmessage-length=0 -o "src\\7_Productos_Alta_Baja.o" "..\\src\\7_Productos_Alta_Baja.c" 
gcc -o 7_Productos_Alta_Baja.exe "src\\7_Productos_Alta_Baja.o" "src\\utnArray.o" "src\\utnCadenas.o" "src\\utnGUI.o" "src\\utnMenu.o" "src\\utnValidacion.o" 
Info: Nothing to build for 7_Productos_Alta_Baja
Info: Nothing to build for 7_Productos_Alta_Baja
20:58:14 **** Incremental Build of configuration Debug for project 7_Productos_Alta_Baja ****
Info: Internal Builder is used for build
gcc -O0 -g3 -Wall -c -fmessage-length=0 -o "src\\utnMenu.o" "..\\src\\utnMenu.c" 
gcc -o 7_Productos_Alta_Baja.exe "src\\7_Productos_Alta_Baja.o" "src\\utnArray.o" "src\\utnCadenas.o" "src\\utnGUI.o" "src\\utnMenu.o" "src\\utnValidacion.o" 
Info: Nothing to build for 7_Productos_Alta_Baja
20:59:23 **** Incremental Build of configuration Debug for project 7_Productos_Alta_Baja ****
Info: Internal Builder is used for build
gcc -O0 -g3 -Wall -c -fmessage-length=0 -o "src\\utnMenu.o" "..\\src\\utnMenu.c" 
gcc -o 7_Productos_Alta_Baja.exe "src\\7_Productos_Alta_Baja.o" "src\\utnArray.o" "src\\utnCadenas.o" "src\\utnGUI.o" "src\\utnMenu.o" "src\\utnValidacion.o" 
21:09:48 **** Incremental Build of configuration Debug for project 7_Productos_Alta_Baja ****
Info: Internal Builder is used for build
gcc -O0 -g3 -Wall -c -fmessage-length=0 -o "src\\utnMenu.o" "..\\src\\utnMenu.c" 
..\src\utnMenu.c: In function 'esFecha':
..\src\utnMenu.c:183:6: warning: variable 'retorno' set but not used [-Wunused-but-set-variable]
  183 |  int retorno = 0;
      |      ^~~~~~~
..\src\utnMenu.c: At top level:
..\src\utnMenu.c:209:1: error: expected identifier or '(' before 'return'
  209 | return retorno;
      | ^~~~~~
..\src\utnMenu.c:210:1: error: expected identifier or '(' before '}' token
  210 | }
      | ^
..\src\utnMenu.c: In function 'esFecha':
..\src\utnMenu.c:207:1: warning: control reaches end of non-void function [-Wreturn-type]
  207 | }
      | ^
21:10:15 **** Incremental Build of configuration Debug for project 7_Productos_Alta_Baja ****
Info: Internal Builder is used for build
gcc -O0 -g3 -Wall -c -fmessage-length=0 -o "src\\utnMenu.o" "..\\src\\utnMenu.c" 
gcc -o 7_Productos_Alta_Baja.exe "src\\7_Productos_Alta_Baja.o" "src\\utnArray.o" "src\\utnCadenas.o" "src\\utnGUI.o" "src\\utnMenu.o" "src\\utnValidacion.o" 
21:11:26 **** Incremental Build of configuration Debug for project 7_Productos_Alta_Baja ****
Info: Internal Builder is used for build
gcc -O0 -g3 -Wall -c -fmessage-length=0 -o "src\\utnMenu.o" "..\\src\\utnMenu.c" 
gcc -o 7_Productos_Alta_Baja.exe "src\\7_Productos_Alta_Baja.o" "src\\utnArray.o" "src\\utnCadenas.o" "src\\utnGUI.o" "src\\utnMenu.o" "src\\utnValidacion.o" 
Info: Nothing to build for 7_Productos_Alta_Baja
21:15:43 **** Incremental Build of configuration Debug for project 7_Productos_Alta_Baja ****
Info: Internal Builder is used for build
gcc -O0 -g3 -Wall -c -fmessage-length=0 -o "src\\utnMenu.o" "..\\src\\utnMenu.c" 
gcc -o 7_Productos_Alta_Baja.exe "src\\7_Productos_Alta_Baja.o" "src\\utnArray.o" "src\\utnCadenas.o" "src\\utnGUI.o" "src\\utnMenu.o" "src\\utnValidacion.o" 
21:16:19 **** Incremental Build of configuration Debug for project 7_Productos_Alta_Baja ****
Info: Internal Builder is used for build
gcc -O0 -g3 -Wall -c -fmessage-length=0 -o "src\\utnMenu.o" "..\\src\\utnMenu.c" 
gcc -o 7_Productos_Alta_Baja.exe "src\\7_Productos_Alta_Baja.o" "src\\utnArray.o" "src\\utnCadenas.o" "src\\utnGUI.o" "src\\utnMenu.o" "src\\utnValidacion.o" 
21:17:22 **** Incremental Build of configuration Debug for project 7_Productos_Alta_Baja ****
Info: Internal Builder is used for build
gcc -O0 -g3 -Wall -c -fmessage-length=0 -o "src\\utnMenu.o" "..\\src\\utnMenu.c" 
gcc -o 7_Productos_Alta_Baja.exe "src\\7_Productos_Alta_Baja.o" "src\\utnArray.o" "src\\utnCadenas.o" "src\\utnGUI.o" "src\\utnMenu.o" "src\\utnValidacion.o" 
21:18:31 **** Incremental Build of configuration Debug for project 7_Productos_Alta_Baja ****
Info: Internal Builder is used for build
gcc -O0 -g3 -Wall -c -fmessage-length=0 -o "src\\utnMenu.o" "..\\src\\utnMenu.c" 
gcc -o 7_Productos_Alta_Baja.exe "src\\7_Productos_Alta_Baja.o" "src\\utnArray.o" "src\\utnCadenas.o" "src\\utnGUI.o" "src\\utnMenu.o" "src\\utnValidacion.o" 
21:19:24 **** Incremental Build of configuration Debug for project 7_Productos_Alta_Baja ****
Info: Internal Builder is used for build
gcc -O0 -g3 -Wall -c -fmessage-length=0 -o "src\\utnMenu.o" "..\\src\\utnMenu.c" 
..\src\utnMenu.c: In function 'esFecha':
..\src\utnMenu.c:193:29: warning: suggest parentheses around '&&' within '||' [-Wparentheses]
  193 |       || (i != 2 && i != 5) && (!isdigit(fecha[i]))) {
      |          ~~~~~~~~~~~~~~~~~~~^~~~~~~~~~~~~~~~~~~~~~~
gcc -o 7_Productos_Alta_Baja.exe "src\\7_Productos_Alta_Baja.o" "src\\utnArray.o" "src\\utnCadenas.o" "src\\utnGUI.o" "src\\utnMenu.o" "src\\utnValidacion.o" 
21:19:40 **** Incremental Build of configuration Debug for project 7_Productos_Alta_Baja ****
Info: Internal Builder is used for build
gcc -O0 -g3 -Wall -c -fmessage-length=0 -o "src\\utnMenu.o" "..\\src\\utnMenu.c" 
gcc -o 7_Productos_Alta_Baja.exe "src\\7_Productos_Alta_Baja.o" "src\\utnArray.o" "src\\utnCadenas.o" "src\\utnGUI.o" "src\\utnMenu.o" "src\\utnValidacion.o" 
Info: Nothing to build for 7_Productos_Alta_Baja
21:32:29 **** Incremental Build of configuration Debug for project 7_Productos_Alta_Baja ****
Info: Internal Builder is used for build
gcc -O0 -g3 -Wall -c -fmessage-length=0 -o "src\\utnMenu.o" "..\\src\\utnMenu.c" 
gcc -o 7_Productos_Alta_Baja.exe "src\\7_Productos_Alta_Baja.o" "src\\utnArray.o" "src\\utnCadenas.o" "src\\utnGUI.o" "src\\utnMenu.o" "src\\utnValidacion.o" 
21:34:11 **** Incremental Build of configuration Debug for project 7_Productos_Alta_Baja ****
Info: Internal Builder is used for build
gcc -O0 -g3 -Wall -c -fmessage-length=0 -o "src\\utnMenu.o" "..\\src\\utnMenu.c" 
..\src\utnMenu.c: In function 'altaProducto':
..\src\utnMenu.c:52:14: warning: implicit declaration of function 'getPedirf'; did you mean 'getPedirInt'? [-Wimplicit-function-declaration]
   52 |    else if ((getPedirf(auxFechaIngreso,
      |              ^~~~~~~~~
      |              getPedirInt
gcc -O0 -g3 -Wall -c -fmessage-length=0 -o "src\\7_Productos_Alta_Baja.o" "..\\src\\7_Productos_Alta_Baja.c" 
gcc -o 7_Productos_Alta_Baja.exe "src\\7_Productos_Alta_Baja.o" "src\\utnArray.o" "src\\utnCadenas.o" "src\\utnGUI.o" "src\\utnMenu.o" "src\\utnValidacion.o" 
c:/mingw/bin/../lib/gcc/mingw32/9.2.0/../../../../mingw32/bin/ld.exe: src\utnMenu.o: in function `altaProducto':
C:\Users\kenyn\eclipse-workspace\Ejercicios_Array_Paralelo\7_Productos_Alta_Baja\Debug/../src/utnMenu.c:52: undefined reference to `getPedirf'
collect2.exe: error: ld returned 1 exit status
21:34:23 **** Incremental Build of configuration Debug for project 7_Productos_Alta_Baja ****
Info: Internal Builder is used for build
gcc -O0 -g3 -Wall -c -fmessage-length=0 -o "src\\utnMenu.o" "..\\src\\utnMenu.c" 
gcc -o 7_Productos_Alta_Baja.exe "src\\7_Productos_Alta_Baja.o" "src\\utnArray.o" "src\\utnCadenas.o" "src\\utnGUI.o" "src\\utnMenu.o" "src\\utnValidacion.o" 
21:35:00 **** Incremental Build of configuration Debug for project 7_Productos_Alta_Baja ****
Info: Internal Builder is used for build
gcc -O0 -g3 -Wall -c -fmessage-length=0 -o "src\\utnMenu.o" "..\\src\\utnMenu.c" 
gcc -o 7_Productos_Alta_Baja.exe "src\\7_Productos_Alta_Baja.o" "src\\utnArray.o" "src\\utnCadenas.o" "src\\utnGUI.o" "src\\utnMenu.o" "src\\utnValidacion.o" 
21:36:28 **** Incremental Build of configuration Debug for project 7_Productos_Alta_Baja ****
Info: Internal Builder is used for build
gcc -O0 -g3 -Wall -c -fmessage-length=0 -o "src\\utnMenu.o" "..\\src\\utnMenu.c" 
gcc -o 7_Productos_Alta_Baja.exe "src\\7_Productos_Alta_Baja.o" "src\\utnArray.o" "src\\utnCadenas.o" "src\\utnGUI.o" "src\\utnMenu.o" "src\\utnValidacion.o" 
21:37:07 **** Incremental Build of configuration Debug for project 7_Productos_Alta_Baja ****
Info: Internal Builder is used for build
gcc -O0 -g3 -Wall -c -fmessage-length=0 -o "src\\utnMenu.o" "..\\src\\utnMenu.c" 
gcc -o 7_Productos_Alta_Baja.exe "src\\7_Productos_Alta_Baja.o" "src\\utnArray.o" "src\\utnCadenas.o" "src\\utnGUI.o" "src\\utnMenu.o" "src\\utnValidacion.o" 
21:37:29 **** Incremental Build of configuration Debug for project 7_Productos_Alta_Baja ****
Info: Internal Builder is used for build
gcc -O0 -g3 -Wall -c -fmessage-length=0 -o "src\\utnMenu.o" "..\\src\\utnMenu.c" 
gcc -o 7_Productos_Alta_Baja.exe "src\\7_Productos_Alta_Baja.o" "src\\utnArray.o" "src\\utnCadenas.o" "src\\utnGUI.o" "src\\utnMenu.o" "src\\utnValidacion.o" 
21:38:41 **** Incremental Build of configuration Debug for project 7_Productos_Alta_Baja ****
Info: Internal Builder is used for build
gcc -O0 -g3 -Wall -c -fmessage-length=0 -o "src\\utnMenu.o" "..\\src\\utnMenu.c" 
gcc -O0 -g3 -Wall -c -fmessage-length=0 -o "src\\7_Productos_Alta_Baja.o" "..\\src\\7_Productos_Alta_Baja.c" 
gcc -o 7_Productos_Alta_Baja.exe "src\\7_Productos_Alta_Baja.o" "src\\utnArray.o" "src\\utnCadenas.o" "src\\utnGUI.o" "src\\utnMenu.o" "src\\utnValidacion.o" 
21:39:32 **** Incremental Build of configuration Debug for project 7_Productos_Alta_Baja ****
Info: Internal Builder is used for build
gcc -O0 -g3 -Wall -c -fmessage-length=0 -o "src\\utnMenu.o" "..\\src\\utnMenu.c" 
gcc -o 7_Productos_Alta_Baja.exe "src\\7_Productos_Alta_Baja.o" "src\\utnArray.o" "src\\utnCadenas.o" "src\\utnGUI.o" "src\\utnMenu.o" "src\\utnValidacion.o" 
21:40:13 **** Incremental Build of configuration Debug for project 7_Productos_Alta_Baja ****
Info: Internal Builder is used for build
gcc -O0 -g3 -Wall -c -fmessage-length=0 -o "src\\utnMenu.o" "..\\src\\utnMenu.c" 
gcc -o 7_Productos_Alta_Baja.exe "src\\7_Productos_Alta_Baja.o" "src\\utnArray.o" "src\\utnCadenas.o" "src\\utnGUI.o" "src\\utnMenu.o" "src\\utnValidacion.o" 
21:41:03 **** Incremental Build of configuration Debug for project 7_Productos_Alta_Baja ****
Info: Internal Builder is used for build
gcc -O0 -g3 -Wall -c -fmessage-length=0 -o "src\\utnMenu.o" "..\\src\\utnMenu.c" 
gcc -o 7_Productos_Alta_Baja.exe "src\\7_Productos_Alta_Baja.o" "src\\utnArray.o" "src\\utnCadenas.o" "src\\utnGUI.o" "src\\utnMenu.o" "src\\utnValidacion.o" 
21:42:22 **** Incremental Build of configuration Debug for project 7_Productos_Alta_Baja ****
Info: Internal Builder is used for build
gcc -O0 -g3 -Wall -c -fmessage-length=0 -o "src\\utnMenu.o" "..\\src\\utnMenu.c" 
gcc -O0 -g3 -Wall -c -fmessage-length=0 -o "src\\7_Productos_Alta_Baja.o" "..\\src\\7_Productos_Alta_Baja.c" 
gcc -o 7_Productos_Alta_Baja.exe "src\\7_Productos_Alta_Baja.o" "src\\utnArray.o" "src\\utnCadenas.o" "src\\utnGUI.o" "src\\utnMenu.o" "src\\utnValidacion.o" 
21:43:00 **** Incremental Build of configuration Debug for project 7_Productos_Alta_Baja ****
Info: Internal Builder is used for build
gcc -O0 -g3 -Wall -c -fmessage-length=0 -o "src\\utnMenu.o" "..\\src\\utnMenu.c" 
gcc -o 7_Productos_Alta_Baja.exe "src\\7_Productos_Alta_Baja.o" "src\\utnArray.o" "src\\utnCadenas.o" "src\\utnGUI.o" "src\\utnMenu.o" "src\\utnValidacion.o" 
21:50:25 **** Incremental Build of configuration Debug for project 7_Productos_Alta_Baja ****
Info: Internal Builder is used for build
gcc -O0 -g3 -Wall -c -fmessage-length=0 -o "src\\utnMenu.o" "..\\src\\utnMenu.c" 
gcc -o 7_Productos_Alta_Baja.exe "src\\7_Productos_Alta_Baja.o" "src\\utnArray.o" "src\\utnCadenas.o" "src\\utnGUI.o" "src\\utnMenu.o" "src\\utnValidacion.o" 
21:50:57 **** Incremental Build of configuration Debug for project 7_Productos_Alta_Baja ****
Info: Internal Builder is used for build
gcc -O0 -g3 -Wall -c -fmessage-length=0 -o "src\\utnMenu.o" "..\\src\\utnMenu.c" 
gcc -o 7_Productos_Alta_Baja.exe "src\\7_Productos_Alta_Baja.o" "src\\utnArray.o" "src\\utnCadenas.o" "src\\utnGUI.o" "src\\utnMenu.o" "src\\utnValidacion.o" 
21:52:24 **** Incremental Build of configuration Debug for project 7_Productos_Alta_Baja ****
Info: Internal Builder is used for build
gcc -O0 -g3 -Wall -c -fmessage-length=0 -o "src\\7_Productos_Alta_Baja.o" "..\\src\\7_Productos_Alta_Baja.c" 
gcc -O0 -g3 -Wall -c -fmessage-length=0 -o "src\\utnMenu.o" "..\\src\\utnMenu.c" 
..\src\utnMenu.c: In function 'buscarValorIntEnArray':
..\src\utnMenu.c:148:23: error: invalid type argument of unary '*' (have 'int')
  148 |    if (arrayInt[i] == *valorBuscado) {
      |                       ^~~~~~~~~~~~~
21:52:43 **** Incremental Build of configuration Debug for project 7_Productos_Alta_Baja ****
Info: Internal Builder is used for build
gcc -O0 -g3 -Wall -c -fmessage-length=0 -o "src\\utnMenu.o" "..\\src\\utnMenu.c" 
gcc -o 7_Productos_Alta_Baja.exe "src\\7_Productos_Alta_Baja.o" "src\\utnArray.o" "src\\utnCadenas.o" "src\\utnGUI.o" "src\\utnMenu.o" "src\\utnValidacion.o" 
22:22:01 **** Incremental Build of configuration Debug for project 7_Productos_Alta_Baja ****
Info: Internal Builder is used for build
gcc -O0 -g3 -Wall -c -fmessage-length=0 -o "src\\utnMenu.o" "..\\src\\utnMenu.c" 
gcc -o 7_Productos_Alta_Baja.exe "src\\7_Productos_Alta_Baja.o" "src\\utnArray.o" "src\\utnCadenas.o" "src\\utnGUI.o" "src\\utnMenu.o" "src\\utnValidacion.o" 
22:22:56 **** Incremental Build of configuration Debug for project 7_Productos_Alta_Baja ****
Info: Internal Builder is used for build
gcc -O0 -g3 -Wall -c -fmessage-length=0 -o "src\\utnMenu.o" "..\\src\\utnMenu.c" 
gcc -o 7_Productos_Alta_Baja.exe "src\\7_Productos_Alta_Baja.o" "src\\utnArray.o" "src\\utnCadenas.o" "src\\utnGUI.o" "src\\utnMenu.o" "src\\utnValidacion.o" 
22:24:33 **** Incremental Build of configuration Debug for project 7_Productos_Alta_Baja ****
Info: Internal Builder is used for build
gcc -O0 -g3 -Wall -c -fmessage-length=0 -o "src\\utnMenu.o" "..\\src\\utnMenu.c" 
gcc -o 7_Productos_Alta_Baja.exe "src\\7_Productos_Alta_Baja.o" "src\\utnArray.o" "src\\utnCadenas.o" "src\\utnGUI.o" "src\\utnMenu.o" "src\\utnValidacion.o" 
Info: Nothing to build for 7_Productos_Alta_Baja
13:57:43 **** Incremental Build of configuration Debug for project 7_Productos_Alta_Baja ****
Info: Internal Builder is used for build
gcc -O0 -g3 -Wall -c -fmessage-length=0 -o "src\\utnMenu.o" "..\\src\\utnMenu.c" 
gcc -o 7_Productos_Alta_Baja.exe "src\\7_Productos_Alta_Baja.o" "src\\utnArray.o" "src\\utnCadenas.o" "src\\utnGUI.o" "src\\utnMenu.o" "src\\utnValidacion.o" 
13:58:53 **** Incremental Build of configuration Debug for project 7_Productos_Alta_Baja ****
Info: Internal Builder is used for build
gcc -O0 -g3 -Wall -c -fmessage-length=0 -o "src\\utnMenu.o" "..\\src\\utnMenu.c" 
gcc -o 7_Productos_Alta_Baja.exe "src\\7_Productos_Alta_Baja.o" "src\\utnArray.o" "src\\utnCadenas.o" "src\\utnGUI.o" "src\\utnMenu.o" "src\\utnValidacion.o" 
14:01:17 **** Incremental Build of configuration Debug for project 7_Productos_Alta_Baja ****
Info: Internal Builder is used for build
gcc -O0 -g3 -Wall -c -fmessage-length=0 -o "src\\utnMenu.o" "..\\src\\utnMenu.c" 
..\src\utnMenu.c: In function 'bajaProducto':
..\src\utnMenu.c:115:7: warning: suggest parentheses around assignment used as truth value [-Wparentheses]
  115 |    if(indiceDelProductoParaBorrar = -1)
      |       ^~~~~~~~~~~~~~~~~~~~~~~~~~~
gcc -o 7_Productos_Alta_Baja.exe "src\\7_Productos_Alta_Baja.o" "src\\utnArray.o" "src\\utnCadenas.o" "src\\utnGUI.o" "src\\utnMenu.o" "src\\utnValidacion.o" 
Info: Nothing to build for 7_Productos_Alta_Baja
14:01:26 **** Incremental Build of configuration Debug for project 7_Productos_Alta_Baja ****
Info: Internal Builder is used for build
gcc -O0 -g3 -Wall -c -fmessage-length=0 -o "src\\utnMenu.o" "..\\src\\utnMenu.c" 
gcc -o 7_Productos_Alta_Baja.exe "src\\7_Productos_Alta_Baja.o" "src\\utnArray.o" "src\\utnCadenas.o" "src\\utnGUI.o" "src\\utnMenu.o" "src\\utnValidacion.o" 
14:02:42 **** Incremental Build of configuration Debug for project 7_Productos_Alta_Baja ****
Info: Internal Builder is used for build
gcc -O0 -g3 -Wall -c -fmessage-length=0 -o "src\\utnMenu.o" "..\\src\\utnMenu.c" 
..\src\utnMenu.c: In function 'bajaProducto':
..\src\utnMenu.c:115:44: error: invalid type argument of unary '*' (have 'int')
  115 |    if(indiceDelProductoParaBorrar == -1 || *estaLibre[indiceDelProductoParaBorrar] == 1)
      |                                            ^~~~~~~~~~~~~~~~~~~~~~~~~~~~~~~~~~~~~~~
14:02:55 **** Incremental Build of configuration Debug for project 7_Productos_Alta_Baja ****
Info: Internal Builder is used for build
gcc -O0 -g3 -Wall -c -fmessage-length=0 -o "src\\utnMenu.o" "..\\src\\utnMenu.c" 
gcc -o 7_Productos_Alta_Baja.exe "src\\7_Productos_Alta_Baja.o" "src\\utnArray.o" "src\\utnCadenas.o" "src\\utnGUI.o" "src\\utnMenu.o" "src\\utnValidacion.o" 
14:06:41 **** Incremental Build of configuration Debug for project 7_Productos_Alta_Baja ****
Info: Internal Builder is used for build
gcc -O0 -g3 -Wall -c -fmessage-length=0 -o "src\\utnMenu.o" "..\\src\\utnMenu.c" 
gcc -o 7_Productos_Alta_Baja.exe "src\\7_Productos_Alta_Baja.o" "src\\utnArray.o" "src\\utnCadenas.o" "src\\utnGUI.o" "src\\utnMenu.o" "src\\utnValidacion.o" 
Info: Nothing to build for 7_Productos_Alta_Baja
14:07:57 **** Incremental Build of configuration Debug for project 7_Productos_Alta_Baja ****
Info: Internal Builder is used for build
gcc -O0 -g3 -Wall -c -fmessage-length=0 -o "src\\utnMenu.o" "..\\src\\utnMenu.c" 
..\src\utnMenu.c: In function 'esFecha':
..\src\utnMenu.c:191:90: warning: suggest parentheses around '&&' within '||' [-Wparentheses]
  191 |    if(fecha[0]>'3' || (fecha[0] == '3' && fecha[1]>'0')  || fecha[3]>'1' || fecha[3]>'1' && fecha[4]>'2'){
      |                                                                             ~~~~~~~~~~~~~^~~~~~~~~~~~~~~
gcc -o 7_Productos_Alta_Baja.exe "src\\7_Productos_Alta_Baja.o" "src\\utnArray.o" "src\\utnCadenas.o" "src\\utnGUI.o" "src\\utnMenu.o" "src\\utnValidacion.o" 
14:08:07 **** Incremental Build of configuration Debug for project 7_Productos_Alta_Baja ****
Info: Internal Builder is used for build
gcc -O0 -g3 -Wall -c -fmessage-length=0 -o "src\\utnMenu.o" "..\\src\\utnMenu.c" 
gcc -o 7_Productos_Alta_Baja.exe "src\\7_Productos_Alta_Baja.o" "src\\utnArray.o" "src\\utnCadenas.o" "src\\utnGUI.o" "src\\utnMenu.o" "src\\utnValidacion.o" 
14:09:43 **** Incremental Build of configuration Debug for project 7_Productos_Alta_Baja ****
Info: Internal Builder is used for build
gcc -O0 -g3 -Wall -c -fmessage-length=0 -o "src\\utnMenu.o" "..\\src\\utnMenu.c" 
gcc -o 7_Productos_Alta_Baja.exe "src\\7_Productos_Alta_Baja.o" "src\\utnArray.o" "src\\utnCadenas.o" "src\\utnGUI.o" "src\\utnMenu.o" "src\\utnValidacion.o" 
Info: Nothing to build for 7_Productos_Alta_Baja
Info: Nothing to build for 7_Productos_Alta_Baja
Info: Nothing to build for 7_Productos_Alta_Baja
14:11:23 **** Incremental Build of configuration Debug for project 7_Productos_Alta_Baja ****
Info: Internal Builder is used for build
gcc -O0 -g3 -Wall -c -fmessage-length=0 -o "src\\utnMenu.o" "..\\src\\utnMenu.c" 
gcc -o 7_Productos_Alta_Baja.exe "src\\7_Productos_Alta_Baja.o" "src\\utnArray.o" "src\\utnCadenas.o" "src\\utnGUI.o" "src\\utnMenu.o" "src\\utnValidacion.o" 
Info: Nothing to build for 7_Productos_Alta_Baja
14:48:54 **** Incremental Build of configuration Debug for project 7_Productos_Alta_Baja ****
Info: Internal Builder is used for build
gcc -O0 -g3 -Wall -c -fmessage-length=0 -o "src\\utnMenu.o" "..\\src\\utnMenu.c" 
gcc -o 7_Productos_Alta_Baja.exe "src\\7_Productos_Alta_Baja.o" "src\\utnArray.o" "src\\utnCadenas.o" "src\\utnGUI.o" "src\\utnMenu.o" "src\\utnValidacion.o" 
14:49:09 **** Incremental Build of configuration Debug for project 7_Productos_Alta_Baja ****
Info: Internal Builder is used for build
gcc -O0 -g3 -Wall -c -fmessage-length=0 -o "src\\utnMenu.o" "..\\src\\utnMenu.c" 
gcc -o 7_Productos_Alta_Baja.exe "src\\7_Productos_Alta_Baja.o" "src\\utnArray.o" "src\\utnCadenas.o" "src\\utnGUI.o" "src\\utnMenu.o" "src\\utnValidacion.o" 
14:56:49 **** Incremental Build of configuration Debug for project 7_Productos_Alta_Baja ****
Info: Internal Builder is used for build
gcc -O0 -g3 -Wall -c -fmessage-length=0 -o "src\\utnMenu.o" "..\\src\\utnMenu.c" 
gcc -o 7_Productos_Alta_Baja.exe "src\\7_Productos_Alta_Baja.o" "src\\utnArray.o" "src\\utnCadenas.o" "src\\utnGUI.o" "src\\utnMenu.o" "src\\utnValidacion.o" 
14:57:05 **** Incremental Build of configuration Debug for project 7_Productos_Alta_Baja ****
Info: Internal Builder is used for build
gcc -O0 -g3 -Wall -c -fmessage-length=0 -o "src\\utnMenu.o" "..\\src\\utnMenu.c" 
gcc -o 7_Productos_Alta_Baja.exe "src\\7_Productos_Alta_Baja.o" "src\\utnArray.o" "src\\utnCadenas.o" "src\\utnGUI.o" "src\\utnMenu.o" "src\\utnValidacion.o" 
14:57:17 **** Incremental Build of configuration Debug for project 7_Productos_Alta_Baja ****
Info: Internal Builder is used for build
gcc -O0 -g3 -Wall -c -fmessage-length=0 -o "src\\utnMenu.o" "..\\src\\utnMenu.c" 
gcc -o 7_Productos_Alta_Baja.exe "src\\7_Productos_Alta_Baja.o" "src\\utnArray.o" "src\\utnCadenas.o" "src\\utnGUI.o" "src\\utnMenu.o" "src\\utnValidacion.o" 
14:57:28 **** Incremental Build of configuration Debug for project 7_Productos_Alta_Baja ****
Info: Internal Builder is used for build
gcc -O0 -g3 -Wall -c -fmessage-length=0 -o "src\\utnMenu.o" "..\\src\\utnMenu.c" 
gcc -o 7_Productos_Alta_Baja.exe "src\\7_Productos_Alta_Baja.o" "src\\utnArray.o" "src\\utnCadenas.o" "src\\utnGUI.o" "src\\utnMenu.o" "src\\utnValidacion.o" 
14:57:40 **** Incremental Build of configuration Debug for project 7_Productos_Alta_Baja ****
Info: Internal Builder is used for build
gcc -O0 -g3 -Wall -c -fmessage-length=0 -o "src\\utnMenu.o" "..\\src\\utnMenu.c" 
gcc -o 7_Productos_Alta_Baja.exe "src\\7_Productos_Alta_Baja.o" "src\\utnArray.o" "src\\utnCadenas.o" "src\\utnGUI.o" "src\\utnMenu.o" "src\\utnValidacion.o" 
14:57:58 **** Incremental Build of configuration Debug for project 7_Productos_Alta_Baja ****
Info: Internal Builder is used for build
gcc -O0 -g3 -Wall -c -fmessage-length=0 -o "src\\utnMenu.o" "..\\src\\utnMenu.c" 
gcc -o 7_Productos_Alta_Baja.exe "src\\7_Productos_Alta_Baja.o" "src\\utnArray.o" "src\\utnCadenas.o" "src\\utnGUI.o" "src\\utnMenu.o" "src\\utnValidacion.o" 
14:58:53 **** Incremental Build of configuration Debug for project 7_Productos_Alta_Baja ****
Info: Internal Builder is used for build
gcc -O0 -g3 -Wall -c -fmessage-length=0 -o "src\\utnMenu.o" "..\\src\\utnMenu.c" 
gcc -o 7_Productos_Alta_Baja.exe "src\\7_Productos_Alta_Baja.o" "src\\utnArray.o" "src\\utnCadenas.o" "src\\utnGUI.o" "src\\utnMenu.o" "src\\utnValidacion.o" 
15:04:56 **** Incremental Build of configuration Debug for project 7_Productos_Alta_Baja ****
Info: Internal Builder is used for build
gcc -O0 -g3 -Wall -c -fmessage-length=0 -o "src\\utnMenu.o" "..\\src\\utnMenu.c" 
gcc -o 7_Productos_Alta_Baja.exe "src\\7_Productos_Alta_Baja.o" "src\\utnArray.o" "src\\utnCadenas.o" "src\\utnGUI.o" "src\\utnMenu.o" "src\\utnValidacion.o" 
