10:36:16 **** Rebuild of configuration Debug for project 3_Ordenamiento_Carga_Secuencial ****
Info: Internal Builder is used for build
gcc -O0 -g3 -Wall -c -fmessage-length=0 -o "src\\ordienamiento.o" "..\\src\\ordienamiento.c" 
gcc -O0 -g3 -Wall -c -fmessage-length=0 -o "src\\3_Ordenamiento_Carga_Secuencial.o" "..\\src\\3_Ordenamiento_Carga_Secuencial.c" 
gcc -o 3_Ordenamiento_Carga_Secuencial.exe "src\\3_Ordenamiento_Carga_Secuencial.o" "src\\ordienamiento.o" 
10:36:24 **** Incremental Build of configuration Debug for project 3_Ordenamiento_Carga_Secuencial ****
Info: Internal Builder is used for build
gcc -O0 -g3 -Wall -c -fmessage-length=0 -o "src\\3_Ordenamiento_Carga_Secuencial.o" "..\\src\\3_Ordenamiento_Carga_Secuencial.c" 
..\src\3_Ordenamiento_Carga_Secuencial.c: In function 'main':
..\src\3_Ordenamiento_Carga_Secuencial.c:42:13: warning: comparison between pointer and integer
   42 |    if (edad < 18)
      |             ^
..\src\3_Ordenamiento_Carga_Secuencial.c:44:20: warning: comparison between pointer and integer
   44 |   } while (salario < 18);
      |                    ^
gcc -o 3_Ordenamiento_Carga_Secuencial.exe "src\\3_Ordenamiento_Carga_Secuencial.o" "src\\ordienamiento.o" 
10:36:33 **** Incremental Build of configuration Debug for project 3_Ordenamiento_Carga_Secuencial ****
Info: Internal Builder is used for build
gcc -O0 -g3 -Wall -c -fmessage-length=0 -o "src\\3_Ordenamiento_Carga_Secuencial.o" "..\\src\\3_Ordenamiento_Carga_Secuencial.c" 
gcc -o 3_Ordenamiento_Carga_Secuencial.exe "src\\3_Ordenamiento_Carga_Secuencial.o" "src\\ordienamiento.o" 
10:44:34 **** Incremental Build of configuration Debug for project 3_Ordenamiento_Carga_Secuencial ****
Info: Internal Builder is used for build
gcc -O0 -g3 -Wall -c -fmessage-length=0 -o "src\\3_Ordenamiento_Carga_Secuencial.o" "..\\src\\3_Ordenamiento_Carga_Secuencial.c" 
..\src\3_Ordenamiento_Carga_Secuencial.c: In function 'main':
..\src\3_Ordenamiento_Carga_Secuencial.c:25:8: warning: unused variable 'promedio' [-Wunused-variable]
   25 |  float promedio;
      |        ^~~~~~~~
gcc -o 3_Ordenamiento_Carga_Secuencial.exe "src\\3_Ordenamiento_Carga_Secuencial.o" "src\\ordienamiento.o" 
10:50:50 **** Incremental Build of configuration Debug for project 3_Ordenamiento_Carga_Secuencial ****
Info: Internal Builder is used for build
gcc -O0 -g3 -Wall -c -fmessage-length=0 -o "src\\3_Ordenamiento_Carga_Secuencial.o" "..\\src\\3_Ordenamiento_Carga_Secuencial.c" 
gcc -o 3_Ordenamiento_Carga_Secuencial.exe "src\\3_Ordenamiento_Carga_Secuencial.o" "src\\ordienamiento.o" 
10:51:14 **** Incremental Build of configuration Debug for project 3_Ordenamiento_Carga_Secuencial ****
Info: Internal Builder is used for build
gcc -O0 -g3 -Wall -c -fmessage-length=0 -o "src\\3_Ordenamiento_Carga_Secuencial.o" "..\\src\\3_Ordenamiento_Carga_Secuencial.c" 
..\src\3_Ordenamiento_Carga_Secuencial.c: In function 'main':
..\src\3_Ordenamiento_Carga_Secuencial.c:22:2: warning: implicit declaration of function 'setbuff'; did you mean 'setbuf'? [-Wimplicit-function-declaration]
   22 |  setbuff(stdout,NULL);
      |  ^~~~~~~
      |  setbuf
gcc -o 3_Ordenamiento_Carga_Secuencial.exe "src\\3_Ordenamiento_Carga_Secuencial.o" "src\\ordienamiento.o" 
c:/mingw/bin/../lib/gcc/mingw32/9.2.0/../../../../mingw32/bin/ld.exe: src\3_Ordenamiento_Carga_Secuencial.o: in function `main':
C:\Users\kenyn\eclipse-workspace\Ordenamientos\3_Ordenamiento_Carga_Secuencial\Debug/../src/3_Ordenamiento_Carga_Secuencial.c:22: undefined reference to `setbuff'
collect2.exe: error: ld returned 1 exit status
10:51:27 **** Incremental Build of configuration Debug for project 3_Ordenamiento_Carga_Secuencial ****
Info: Internal Builder is used for build
gcc -O0 -g3 -Wall -c -fmessage-length=0 -o "src\\3_Ordenamiento_Carga_Secuencial.o" "..\\src\\3_Ordenamiento_Carga_Secuencial.c" 
gcc -o 3_Ordenamiento_Carga_Secuencial.exe "src\\3_Ordenamiento_Carga_Secuencial.o" "src\\ordienamiento.o" 
10:52:04 **** Incremental Build of configuration Debug for project 3_Ordenamiento_Carga_Secuencial ****
Info: Internal Builder is used for build
gcc -O0 -g3 -Wall -c -fmessage-length=0 -o "src\\3_Ordenamiento_Carga_Secuencial.o" "..\\src\\3_Ordenamiento_Carga_Secuencial.c" 
gcc -o 3_Ordenamiento_Carga_Secuencial.exe "src\\3_Ordenamiento_Carga_Secuencial.o" "src\\ordienamiento.o" 
Info: Nothing to build for 3_Ordenamiento_Carga_Secuencial
10:53:59 **** Incremental Build of configuration Debug for project 1_Swap ****
Info: Internal Builder is used for build
gcc -O0 -g3 -Wall -c -fmessage-length=0 -o "src\\1_Swap.o" "..\\src\\1_Swap.c" 
gcc -o 1_Swap.exe "src\\1_Swap.o" 
Info: Nothing to build for 2_OrdenamientosDescYAsc
Info: Nothing to build for 3_Ordenamiento_Carga_Secuencial
10:54:14 **** Incremental Build of configuration Debug for project 3_Ordenamiento_Carga_Secuencial ****
Info: Internal Builder is used for build
gcc -O0 -g3 -Wall -c -fmessage-length=0 -o "src\\3_Ordenamiento_Carga_Secuencial.o" "..\\src\\3_Ordenamiento_Carga_Secuencial.c" 
..\src\3_Ordenamiento_Carga_Secuencial.c: In function 'main':
..\src\3_Ordenamiento_Carga_Secuencial.c:66:2: warning: this 'for' clause does not guard... [-Wmisleading-indentation]
   66 |  for (int i = 0; i < TAMEMPLEADOS; i++)
      |  ^~~
..\src\3_Ordenamiento_Carga_Secuencial.c:69:3: note: ...this statement, but the latter is misleadingly indented as if it were guarded by the 'for'
   69 |   printf("\nEl promedio del salario es %2.f",
      |   ^~~~~~
gcc -o 3_Ordenamiento_Carga_Secuencial.exe "src\\3_Ordenamiento_Carga_Secuencial.o" "src\\ordienamiento.o" 
10:54:31 **** Incremental Build of configuration Debug for project 3_Ordenamiento_Carga_Secuencial ****
Info: Internal Builder is used for build
gcc -O0 -g3 -Wall -c -fmessage-length=0 -o "src\\3_Ordenamiento_Carga_Secuencial.o" "..\\src\\3_Ordenamiento_Carga_Secuencial.c" 
..\src\3_Ordenamiento_Carga_Secuencial.c: In function 'main':
..\src\3_Ordenamiento_Carga_Secuencial.c:66:2: warning: this 'for' clause does not guard... [-Wmisleading-indentation]
   66 |  for(int i = 0; i < TAMEMPLEADOS; i++)
      |  ^~~
..\src\3_Ordenamiento_Carga_Secuencial.c:69:3: note: ...this statement, but the latter is misleadingly indented as if it were guarded by the 'for'
   69 |   printf("\nEl promedio del salario es %2.f",
      |   ^~~~~~
gcc -o 3_Ordenamiento_Carga_Secuencial.exe "src\\3_Ordenamiento_Carga_Secuencial.o" "src\\ordienamiento.o" 
10:54:47 **** Incremental Build of configuration Debug for project 3_Ordenamiento_Carga_Secuencial ****
Info: Internal Builder is used for build
gcc -O0 -g3 -Wall -c -fmessage-length=0 -o "src\\3_Ordenamiento_Carga_Secuencial.o" "..\\src\\3_Ordenamiento_Carga_Secuencial.c" 
..\src\3_Ordenamiento_Carga_Secuencial.c: In function 'main':
..\src\3_Ordenamiento_Carga_Secuencial.c:69:26: error: 'i' undeclared (first use in this function)
   69 |   acumSalario += salario[i];
      |                          ^
..\src\3_Ordenamiento_Carga_Secuencial.c:69:26: note: each undeclared identifier is reported only once for each function it appears in
10:54:54 **** Incremental Build of configuration Debug for project 3_Ordenamiento_Carga_Secuencial ****
Info: Internal Builder is used for build
gcc -O0 -g3 -Wall -c -fmessage-length=0 -o "src\\3_Ordenamiento_Carga_Secuencial.o" "..\\src\\3_Ordenamiento_Carga_Secuencial.c" 
gcc -o 3_Ordenamiento_Carga_Secuencial.exe "src\\3_Ordenamiento_Carga_Secuencial.o" "src\\ordienamiento.o" 
10:54:59 **** Incremental Build of configuration Debug for project 3_Ordenamiento_Carga_Secuencial ****
Info: Internal Builder is used for build
gcc -O0 -g3 -Wall -c -fmessage-length=0 -o "src\\3_Ordenamiento_Carga_Secuencial.o" "..\\src\\3_Ordenamiento_Carga_Secuencial.c" 
..\src\3_Ordenamiento_Carga_Secuencial.c: In function 'main':
..\src\3_Ordenamiento_Carga_Secuencial.c:66:2: warning: this 'for' clause does not guard... [-Wmisleading-indentation]
   66 |  for(int i = 0; i < TAMEMPLEADOS; i++)
      |  ^~~
..\src\3_Ordenamiento_Carga_Secuencial.c:70:3: note: ...this statement, but the latter is misleadingly indented as if it were guarded by the 'for'
   70 |   printf("\nEl promedio del salario es %2.f",
      |   ^~~~~~
gcc -o 3_Ordenamiento_Carga_Secuencial.exe "src\\3_Ordenamiento_Carga_Secuencial.o" "src\\ordienamiento.o" 
10:55:05 **** Incremental Build of configuration Debug for project 3_Ordenamiento_Carga_Secuencial ****
Info: Internal Builder is used for build
gcc -O0 -g3 -Wall -c -fmessage-length=0 -o "src\\3_Ordenamiento_Carga_Secuencial.o" "..\\src\\3_Ordenamiento_Carga_Secuencial.c" 
gcc -o 3_Ordenamiento_Carga_Secuencial.exe "src\\3_Ordenamiento_Carga_Secuencial.o" "src\\ordienamiento.o" 
10:57:54 **** Incremental Build of configuration Debug for project 3_Ordenamiento_Carga_Secuencial ****
Info: Internal Builder is used for build
gcc -O0 -g3 -Wall -c -fmessage-length=0 -o "src\\3_Ordenamiento_Carga_Secuencial.o" "..\\src\\3_Ordenamiento_Carga_Secuencial.c" 
..\src\3_Ordenamiento_Carga_Secuencial.c: In function 'main':
..\src\3_Ordenamiento_Carga_Secuencial.c:34:13: warning: format '%f' expects argument of type 'float *', but argument 2 has type 'double' [-Wformat=]
   34 |    scanf(" %f", salario[i]);
      |            ~^   ~~~~~~~~~~
      |             |          |
      |             float *    double
gcc -o 3_Ordenamiento_Carga_Secuencial.exe "src\\3_Ordenamiento_Carga_Secuencial.o" "src\\ordienamiento.o" 
10:58:01 **** Incremental Build of configuration Debug for project 3_Ordenamiento_Carga_Secuencial ****
Info: Internal Builder is used for build
gcc -O0 -g3 -Wall -c -fmessage-length=0 -o "src\\3_Ordenamiento_Carga_Secuencial.o" "..\\src\\3_Ordenamiento_Carga_Secuencial.c" 
gcc -o 3_Ordenamiento_Carga_Secuencial.exe "src\\3_Ordenamiento_Carga_Secuencial.o" "src\\ordienamiento.o" 
10:59:10 **** Incremental Build of configuration Debug for project 3_Ordenamiento_Carga_Secuencial ****
Info: Internal Builder is used for build
gcc -O0 -g3 -Wall -c -fmessage-length=0 -o "src\\3_Ordenamiento_Carga_Secuencial.o" "..\\src\\3_Ordenamiento_Carga_Secuencial.c" 
gcc -o 3_Ordenamiento_Carga_Secuencial.exe "src\\3_Ordenamiento_Carga_Secuencial.o" "src\\ordienamiento.o" 
10:59:29 **** Incremental Build of configuration Debug for project 3_Ordenamiento_Carga_Secuencial ****
Info: Internal Builder is used for build
gcc -O0 -g3 -Wall -c -fmessage-length=0 -o "src\\3_Ordenamiento_Carga_Secuencial.o" "..\\src\\3_Ordenamiento_Carga_Secuencial.c" 
gcc -o 3_Ordenamiento_Carga_Secuencial.exe "src\\3_Ordenamiento_Carga_Secuencial.o" "src\\ordienamiento.o" 
10:59:44 **** Incremental Build of configuration Debug for project 3_Ordenamiento_Carga_Secuencial ****
Info: Internal Builder is used for build
gcc -O0 -g3 -Wall -c -fmessage-length=0 -o "src\\3_Ordenamiento_Carga_Secuencial.o" "..\\src\\3_Ordenamiento_Carga_Secuencial.c" 
gcc -o 3_Ordenamiento_Carga_Secuencial.exe "src\\3_Ordenamiento_Carga_Secuencial.o" "src\\ordienamiento.o" 
11:00:39 **** Incremental Build of configuration Debug for project 3_Ordenamiento_Carga_Secuencial ****
Info: Internal Builder is used for build
gcc -O0 -g3 -Wall -c -fmessage-length=0 -o "src\\3_Ordenamiento_Carga_Secuencial.o" "..\\src\\3_Ordenamiento_Carga_Secuencial.c" 
gcc -o 3_Ordenamiento_Carga_Secuencial.exe "src\\3_Ordenamiento_Carga_Secuencial.o" "src\\ordienamiento.o" 
11:01:12 **** Incremental Build of configuration Debug for project 3_Ordenamiento_Carga_Secuencial ****
Info: Internal Builder is used for build
gcc -O0 -g3 -Wall -c -fmessage-length=0 -o "src\\3_Ordenamiento_Carga_Secuencial.o" "..\\src\\3_Ordenamiento_Carga_Secuencial.c" 
gcc -o 3_Ordenamiento_Carga_Secuencial.exe "src\\3_Ordenamiento_Carga_Secuencial.o" "src\\ordienamiento.o" 
11:03:28 **** Incremental Build of configuration Debug for project 3_Ordenamiento_Carga_Secuencial ****
Info: Internal Builder is used for build
gcc -O0 -g3 -Wall -c -fmessage-length=0 -o "src\\3_Ordenamiento_Carga_Secuencial.o" "..\\src\\3_Ordenamiento_Carga_Secuencial.c" 
gcc -o 3_Ordenamiento_Carga_Secuencial.exe "src\\3_Ordenamiento_Carga_Secuencial.o" "src\\ordienamiento.o" 
11:03:49 **** Incremental Build of configuration Debug for project 3_Ordenamiento_Carga_Secuencial ****
Info: Internal Builder is used for build
gcc -O0 -g3 -Wall -c -fmessage-length=0 -o "src\\3_Ordenamiento_Carga_Secuencial.o" "..\\src\\3_Ordenamiento_Carga_Secuencial.c" 
gcc -o 3_Ordenamiento_Carga_Secuencial.exe "src\\3_Ordenamiento_Carga_Secuencial.o" "src\\ordienamiento.o" 
11:05:10 **** Incremental Build of configuration Debug for project 3_Ordenamiento_Carga_Secuencial ****
Info: Internal Builder is used for build
gcc -O0 -g3 -Wall -c -fmessage-length=0 -o "src\\3_Ordenamiento_Carga_Secuencial.o" "..\\src\\3_Ordenamiento_Carga_Secuencial.c" 
gcc -o 3_Ordenamiento_Carga_Secuencial.exe "src\\3_Ordenamiento_Carga_Secuencial.o" "src\\ordienamiento.o" 
11:05:23 **** Incremental Build of configuration Debug for project 3_Ordenamiento_Carga_Secuencial ****
Info: Internal Builder is used for build
gcc -O0 -g3 -Wall -c -fmessage-length=0 -o "src\\3_Ordenamiento_Carga_Secuencial.o" "..\\src\\3_Ordenamiento_Carga_Secuencial.c" 
gcc -o 3_Ordenamiento_Carga_Secuencial.exe "src\\3_Ordenamiento_Carga_Secuencial.o" "src\\ordienamiento.o" 
11:07:56 **** Incremental Build of configuration Debug for project 3_Ordenamiento_Carga_Secuencial ****
Info: Internal Builder is used for build
gcc -O0 -g3 -Wall -c -fmessage-length=0 -o "src\\3_Ordenamiento_Carga_Secuencial.o" "..\\src\\3_Ordenamiento_Carga_Secuencial.c" 
..\src\3_Ordenamiento_Carga_Secuencial.c: In function 'main':
..\src\3_Ordenamiento_Carga_Secuencial.c:27:6: warning: variable 'existeEmpleadoBinario' set but not used [-Wunused-but-set-variable]
   27 |  int existeEmpleadoBinario = 0;
      |      ^~~~~~~~~~~~~~~~~~~~~
gcc -o 3_Ordenamiento_Carga_Secuencial.exe "src\\3_Ordenamiento_Carga_Secuencial.o" "src\\ordienamiento.o" 
11:09:13 **** Incremental Build of configuration Debug for project 3_Ordenamiento_Carga_Secuencial ****
Info: Internal Builder is used for build
gcc -O0 -g3 -Wall -c -fmessage-length=0 -o "src\\3_Ordenamiento_Carga_Secuencial.o" "..\\src\\3_Ordenamiento_Carga_Secuencial.c" 
..\src\3_Ordenamiento_Carga_Secuencial.c: In function 'main':
..\src\3_Ordenamiento_Carga_Secuencial.c:27:6: warning: variable 'existeEmpleadoBinario' set but not used [-Wunused-but-set-variable]
   27 |  int existeEmpleadoBinario = 0;
      |      ^~~~~~~~~~~~~~~~~~~~~
gcc -o 3_Ordenamiento_Carga_Secuencial.exe "src\\3_Ordenamiento_Carga_Secuencial.o" "src\\ordienamiento.o" 
11:09:44 **** Incremental Build of configuration Debug for project 3_Ordenamiento_Carga_Secuencial ****
Info: Internal Builder is used for build
gcc -O0 -g3 -Wall -c -fmessage-length=0 -o "src\\3_Ordenamiento_Carga_Secuencial.o" "..\\src\\3_Ordenamiento_Carga_Secuencial.c" 
gcc -o 3_Ordenamiento_Carga_Secuencial.exe "src\\3_Ordenamiento_Carga_Secuencial.o" "src\\ordienamiento.o" 
11:10:21 **** Incremental Build of configuration Debug for project 3_Ordenamiento_Carga_Secuencial ****
Info: Internal Builder is used for build
gcc -O0 -g3 -Wall -c -fmessage-length=0 -o "src\\3_Ordenamiento_Carga_Secuencial.o" "..\\src\\3_Ordenamiento_Carga_Secuencial.c" 
gcc -o 3_Ordenamiento_Carga_Secuencial.exe "src\\3_Ordenamiento_Carga_Secuencial.o" "src\\ordienamiento.o" 
